{"/Users/esra/projects/programming/bobaserver/server/boards/queries.ts":{"path":"/Users/esra/projects/programming/bobaserver/server/boards/queries.ts","statementMap":{"0":{"start":{"line":2,"column":16},"end":{"line":10,"column":1}},"1":{"start":{"line":3,"column":28},"end":{"line":3,"column":110}},"2":{"start":{"line":3,"column":91},"end":{"line":3,"column":106}},"3":{"start":{"line":4,"column":4},"end":{"line":9,"column":7}},"4":{"start":{"line":5,"column":36},"end":{"line":5,"column":97}},"5":{"start":{"line":5,"column":42},"end":{"line":5,"column":70}},"6":{"start":{"line":5,"column":85},"end":{"line":5,"column":95}},"7":{"start":{"line":6,"column":35},"end":{"line":6,"column":100}},"8":{"start":{"line":6,"column":41},"end":{"line":6,"column":73}},"9":{"start":{"line":6,"column":88},"end":{"line":6,"column":98}},"10":{"start":{"line":7,"column":32},"end":{"line":7,"column":116}},"11":{"start":{"line":8,"column":8},"end":{"line":8,"column":78}},"12":{"start":{"line":11,"column":22},"end":{"line":13,"column":1}},"13":{"start":{"line":12,"column":4},"end":{"line":12,"column":62}},"14":{"start":{"line":14,"column":0},"end":{"line":14,"column":62}},"15":{"start":{"line":15,"column":0},"end":{"line":15,"column":258}},"16":{"start":{"line":16,"column":16},"end":{"line":16,"column":49}},"17":{"start":{"line":17,"column":15},"end":{"line":17,"column":50}},"18":{"start":{"line":18,"column":14},"end":{"line":18,"column":47}},"19":{"start":{"line":19,"column":14},"end":{"line":19,"column":54}},"20":{"start":{"line":20,"column":16},"end":{"line":20,"column":34}},"21":{"start":{"line":21,"column":24},"end":{"line":21,"column":51}},"22":{"start":{"line":22,"column":13},"end":{"line":22,"column":61}},"23":{"start":{"line":23,"column":12},"end":{"line":23,"column":59}},"24":{"start":{"line":24,"column":14},"end":{"line":24,"column":63}},"25":{"start":{"line":25,"column":0},"end":{"line":34,"column":3}},"26":{"start":{"line":25,"column":41},"end":{"line":34,"column":2}},"27":{"start":{"line":26,"column":4},"end":{"line":33,"column":5}},"28":{"start":{"line":27,"column":8},"end":{"line":27,"column":98}},"29":{"start":{"line":30,"column":8},"end":{"line":30,"column":46}},"30":{"start":{"line":31,"column":8},"end":{"line":31,"column":17}},"31":{"start":{"line":32,"column":8},"end":{"line":32,"column":21}},"32":{"start":{"line":35,"column":0},"end":{"line":54,"column":3}},"33":{"start":{"line":35,"column":52},"end":{"line":54,"column":2}},"34":{"start":{"line":36,"column":4},"end":{"line":53,"column":5}},"35":{"start":{"line":37,"column":21},"end":{"line":40,"column":10}},"36":{"start":{"line":41,"column":8},"end":{"line":44,"column":9}},"37":{"start":{"line":42,"column":12},"end":{"line":42,"column":44}},"38":{"start":{"line":43,"column":12},"end":{"line":43,"column":24}},"39":{"start":{"line":45,"column":8},"end":{"line":45,"column":55}},"40":{"start":{"line":46,"column":8},"end":{"line":46,"column":60}},"41":{"start":{"line":47,"column":8},"end":{"line":47,"column":20}},"42":{"start":{"line":50,"column":8},"end":{"line":50,"column":63}},"43":{"start":{"line":51,"column":8},"end":{"line":51,"column":17}},"44":{"start":{"line":52,"column":8},"end":{"line":52,"column":20}},"45":{"start":{"line":55,"column":0},"end":{"line":182,"column":3}},"46":{"start":{"line":55,"column":83},"end":{"line":182,"column":2}},"47":{"start":{"line":56,"column":4},"end":{"line":181,"column":5}},"48":{"start":{"line":57,"column":22},"end":{"line":60,"column":10}},"49":{"start":{"line":61,"column":8},"end":{"line":61,"column":67}},"50":{"start":{"line":63,"column":8},"end":{"line":63,"column":19}},"51":{"start":{"line":64,"column":24},"end":{"line":167,"column":10}},"52":{"start":{"line":65,"column":56},"end":{"line":162,"column":10}},"53":{"start":{"line":68,"column":12},"end":{"line":73,"column":17}},"54":{"start":{"line":68,"column":64},"end":{"line":73,"column":14}},"55":{"start":{"line":69,"column":16},"end":{"line":72,"column":19}},"56":{"start":{"line":74,"column":12},"end":{"line":74,"column":50}},"57":{"start":{"line":76,"column":12},"end":{"line":86,"column":17}},"58":{"start":{"line":76,"column":76},"end":{"line":86,"column":14}},"59":{"start":{"line":77,"column":16},"end":{"line":81,"column":19}},"60":{"start":{"line":82,"column":16},"end":{"line":85,"column":19}},"61":{"start":{"line":87,"column":12},"end":{"line":87,"column":62}},"62":{"start":{"line":89,"column":12},"end":{"line":111,"column":17}},"63":{"start":{"line":89,"column":70},"end":{"line":111,"column":14}},"64":{"start":{"line":91,"column":16},"end":{"line":110,"column":17}},"65":{"start":{"line":91,"column":104},"end":{"line":91,"column":119}},"66":{"start":{"line":93,"column":20},"end":{"line":99,"column":23}},"67":{"start":{"line":102,"column":20},"end":{"line":109,"column":23}},"68":{"start":{"line":112,"column":12},"end":{"line":112,"column":54}},"69":{"start":{"line":114,"column":12},"end":{"line":150,"column":17}},"70":{"start":{"line":114,"column":84},"end":{"line":150,"column":14}},"71":{"start":{"line":116,"column":16},"end":{"line":135,"column":17}},"72":{"start":{"line":116,"column":104},"end":{"line":116,"column":123}},"73":{"start":{"line":118,"column":20},"end":{"line":124,"column":23}},"74":{"start":{"line":127,"column":20},"end":{"line":134,"column":23}},"75":{"start":{"line":136,"column":16},"end":{"line":136,"column":74}},"76":{"start":{"line":137,"column":16},"end":{"line":144,"column":17}},"77":{"start":{"line":138,"column":20},"end":{"line":142,"column":23}},"78":{"start":{"line":143,"column":20},"end":{"line":143,"column":68}},"79":{"start":{"line":145,"column":16},"end":{"line":149,"column":17}},"80":{"start":{"line":146,"column":20},"end":{"line":146,"column":114}},"81":{"start":{"line":147,"column":20},"end":{"line":147,"column":142}},"82":{"start":{"line":148,"column":20},"end":{"line":148,"column":59}},"83":{"start":{"line":151,"column":12},"end":{"line":159,"column":13}},"84":{"start":{"line":152,"column":16},"end":{"line":158,"column":19}},"85":{"start":{"line":160,"column":12},"end":{"line":160,"column":65}},"86":{"start":{"line":161,"column":12},"end":{"line":161,"column":24}},"87":{"start":{"line":164,"column":12},"end":{"line":164,"column":58}},"88":{"start":{"line":165,"column":12},"end":{"line":165,"column":21}},"89":{"start":{"line":166,"column":12},"end":{"line":166,"column":25}},"90":{"start":{"line":168,"column":8},"end":{"line":170,"column":9}},"91":{"start":{"line":169,"column":12},"end":{"line":169,"column":25}},"92":{"start":{"line":172,"column":8},"end":{"line":175,"column":11}},"93":{"start":{"line":178,"column":8},"end":{"line":178,"column":64}},"94":{"start":{"line":179,"column":8},"end":{"line":179,"column":17}},"95":{"start":{"line":180,"column":8},"end":{"line":180,"column":21}},"96":{"start":{"line":183,"column":26},"end":{"line":183,"column":28}},"97":{"start":{"line":184,"column":0},"end":{"line":223,"column":3}},"98":{"start":{"line":184,"column":94},"end":{"line":223,"column":2}},"99":{"start":{"line":185,"column":4},"end":{"line":222,"column":5}},"100":{"start":{"line":186,"column":30},"end":{"line":186,"column":76}},"101":{"start":{"line":187,"column":30},"end":{"line":187,"column":150}},"102":{"start":{"line":188,"column":21},"end":{"line":194,"column":10}},"103":{"start":{"line":195,"column":8},"end":{"line":198,"column":9}},"104":{"start":{"line":196,"column":12},"end":{"line":196,"column":44}},"105":{"start":{"line":197,"column":12},"end":{"line":197,"column":24}},"106":{"start":{"line":199,"column":8},"end":{"line":203,"column":9}},"107":{"start":{"line":201,"column":12},"end":{"line":201,"column":40}},"108":{"start":{"line":202,"column":12},"end":{"line":202,"column":55}},"109":{"start":{"line":204,"column":21},"end":{"line":204,"column":25}},"110":{"start":{"line":205,"column":25},"end":{"line":205,"column":29}},"111":{"start":{"line":206,"column":8},"end":{"line":206,"column":64}},"112":{"start":{"line":207,"column":8},"end":{"line":214,"column":9}},"113":{"start":{"line":208,"column":12},"end":{"line":211,"column":15}},"114":{"start":{"line":213,"column":12},"end":{"line":213,"column":25}},"115":{"start":{"line":215,"column":8},"end":{"line":215,"column":74}},"116":{"start":{"line":216,"column":8},"end":{"line":216,"column":54}},"117":{"start":{"line":219,"column":8},"end":{"line":219,"column":63}},"118":{"start":{"line":220,"column":8},"end":{"line":220,"column":17}},"119":{"start":{"line":221,"column":8},"end":{"line":221,"column":21}},"120":{"start":{"line":224,"column":0},"end":{"line":237,"column":3}},"121":{"start":{"line":224,"column":52},"end":{"line":237,"column":2}},"122":{"start":{"line":225,"column":4},"end":{"line":236,"column":5}},"123":{"start":{"line":226,"column":8},"end":{"line":229,"column":11}},"124":{"start":{"line":230,"column":8},"end":{"line":230,"column":20}},"125":{"start":{"line":233,"column":8},"end":{"line":233,"column":53}},"126":{"start":{"line":234,"column":8},"end":{"line":234,"column":17}},"127":{"start":{"line":235,"column":8},"end":{"line":235,"column":21}},"128":{"start":{"line":238,"column":0},"end":{"line":251,"column":3}},"129":{"start":{"line":238,"column":47},"end":{"line":251,"column":2}},"130":{"start":{"line":239,"column":4},"end":{"line":250,"column":5}},"131":{"start":{"line":240,"column":8},"end":{"line":243,"column":11}},"132":{"start":{"line":244,"column":8},"end":{"line":244,"column":20}},"133":{"start":{"line":247,"column":8},"end":{"line":247,"column":43}},"134":{"start":{"line":248,"column":8},"end":{"line":248,"column":17}},"135":{"start":{"line":249,"column":8},"end":{"line":249,"column":21}},"136":{"start":{"line":252,"column":0},"end":{"line":265,"column":3}},"137":{"start":{"line":252,"column":49},"end":{"line":265,"column":2}},"138":{"start":{"line":253,"column":4},"end":{"line":264,"column":5}},"139":{"start":{"line":254,"column":8},"end":{"line":257,"column":11}},"140":{"start":{"line":258,"column":8},"end":{"line":258,"column":20}},"141":{"start":{"line":261,"column":8},"end":{"line":261,"column":45}},"142":{"start":{"line":262,"column":8},"end":{"line":262,"column":17}},"143":{"start":{"line":263,"column":8},"end":{"line":263,"column":21}},"144":{"start":{"line":266,"column":0},"end":{"line":279,"column":3}},"145":{"start":{"line":266,"column":46},"end":{"line":279,"column":2}},"146":{"start":{"line":267,"column":4},"end":{"line":278,"column":5}},"147":{"start":{"line":268,"column":8},"end":{"line":271,"column":11}},"148":{"start":{"line":272,"column":8},"end":{"line":272,"column":20}},"149":{"start":{"line":275,"column":8},"end":{"line":275,"column":44}},"150":{"start":{"line":276,"column":8},"end":{"line":276,"column":17}},"151":{"start":{"line":277,"column":8},"end":{"line":277,"column":21}},"152":{"start":{"line":280,"column":0},"end":{"line":293,"column":3}},"153":{"start":{"line":280,"column":48},"end":{"line":293,"column":2}},"154":{"start":{"line":281,"column":4},"end":{"line":292,"column":5}},"155":{"start":{"line":282,"column":8},"end":{"line":285,"column":11}},"156":{"start":{"line":286,"column":8},"end":{"line":286,"column":20}},"157":{"start":{"line":289,"column":8},"end":{"line":289,"column":46}},"158":{"start":{"line":290,"column":8},"end":{"line":290,"column":17}},"159":{"start":{"line":291,"column":8},"end":{"line":291,"column":21}},"160":{"start":{"line":294,"column":0},"end":{"line":307,"column":3}},"161":{"start":{"line":294,"column":63},"end":{"line":307,"column":2}},"162":{"start":{"line":295,"column":4},"end":{"line":306,"column":5}},"163":{"start":{"line":296,"column":8},"end":{"line":299,"column":11}},"164":{"start":{"line":300,"column":8},"end":{"line":300,"column":20}},"165":{"start":{"line":303,"column":8},"end":{"line":303,"column":45}},"166":{"start":{"line":304,"column":8},"end":{"line":304,"column":17}},"167":{"start":{"line":305,"column":8},"end":{"line":305,"column":21}}},"fnMap":{"0":{"name":"(anonymous_0)","decl":{"start":{"line":2,"column":44},"end":{"line":2,"column":45}},"loc":{"start":{"line":2,"column":89},"end":{"line":10,"column":1}},"line":2},"1":{"name":"adopt","decl":{"start":{"line":3,"column":13},"end":{"line":3,"column":18}},"loc":{"start":{"line":3,"column":26},"end":{"line":3,"column":112}},"line":3},"2":{"name":"(anonymous_2)","decl":{"start":{"line":3,"column":70},"end":{"line":3,"column":71}},"loc":{"start":{"line":3,"column":89},"end":{"line":3,"column":108}},"line":3},"3":{"name":"(anonymous_3)","decl":{"start":{"line":4,"column":36},"end":{"line":4,"column":37}},"loc":{"start":{"line":4,"column":63},"end":{"line":9,"column":5}},"line":4},"4":{"name":"fulfilled","decl":{"start":{"line":5,"column":17},"end":{"line":5,"column":26}},"loc":{"start":{"line":5,"column":34},"end":{"line":5,"column":99}},"line":5},"5":{"name":"rejected","decl":{"start":{"line":6,"column":17},"end":{"line":6,"column":25}},"loc":{"start":{"line":6,"column":33},"end":{"line":6,"column":102}},"line":6},"6":{"name":"step","decl":{"start":{"line":7,"column":17},"end":{"line":7,"column":21}},"loc":{"start":{"line":7,"column":30},"end":{"line":7,"column":118}},"line":7},"7":{"name":"(anonymous_7)","decl":{"start":{"line":11,"column":56},"end":{"line":11,"column":57}},"loc":{"start":{"line":11,"column":71},"end":{"line":13,"column":1}},"line":11},"8":{"name":"(anonymous_8)","decl":{"start":{"line":25,"column":20},"end":{"line":25,"column":21}},"loc":{"start":{"line":25,"column":41},"end":{"line":34,"column":2}},"line":25},"9":{"name":"(anonymous_9)","decl":{"start":{"line":25,"column":75},"end":{"line":25,"column":76}},"loc":{"start":{"line":25,"column":88},"end":{"line":34,"column":1}},"line":25},"10":{"name":"(anonymous_10)","decl":{"start":{"line":35,"column":25},"end":{"line":35,"column":26}},"loc":{"start":{"line":35,"column":52},"end":{"line":54,"column":2}},"line":35},"11":{"name":"(anonymous_11)","decl":{"start":{"line":35,"column":86},"end":{"line":35,"column":87}},"loc":{"start":{"line":35,"column":99},"end":{"line":54,"column":1}},"line":35},"12":{"name":"(anonymous_12)","decl":{"start":{"line":55,"column":30},"end":{"line":55,"column":31}},"loc":{"start":{"line":55,"column":83},"end":{"line":182,"column":2}},"line":55},"13":{"name":"(anonymous_13)","decl":{"start":{"line":55,"column":117},"end":{"line":55,"column":118}},"loc":{"start":{"line":55,"column":130},"end":{"line":182,"column":1}},"line":55},"14":{"name":"(anonymous_14)","decl":{"start":{"line":65,"column":39},"end":{"line":65,"column":40}},"loc":{"start":{"line":65,"column":56},"end":{"line":162,"column":10}},"line":65},"15":{"name":"(anonymous_15)","decl":{"start":{"line":65,"column":90},"end":{"line":65,"column":91}},"loc":{"start":{"line":65,"column":103},"end":{"line":162,"column":9}},"line":65},"16":{"name":"(anonymous_16)","decl":{"start":{"line":68,"column":54},"end":{"line":68,"column":55}},"loc":{"start":{"line":68,"column":64},"end":{"line":73,"column":14}},"line":68},"17":{"name":"(anonymous_17)","decl":{"start":{"line":68,"column":98},"end":{"line":68,"column":99}},"loc":{"start":{"line":68,"column":111},"end":{"line":73,"column":13}},"line":68},"18":{"name":"(anonymous_18)","decl":{"start":{"line":76,"column":64},"end":{"line":76,"column":65}},"loc":{"start":{"line":76,"column":76},"end":{"line":86,"column":14}},"line":76},"19":{"name":"(anonymous_19)","decl":{"start":{"line":76,"column":110},"end":{"line":76,"column":111}},"loc":{"start":{"line":76,"column":123},"end":{"line":86,"column":13}},"line":76},"20":{"name":"(anonymous_20)","decl":{"start":{"line":89,"column":60},"end":{"line":89,"column":61}},"loc":{"start":{"line":89,"column":70},"end":{"line":111,"column":14}},"line":89},"21":{"name":"(anonymous_21)","decl":{"start":{"line":89,"column":104},"end":{"line":89,"column":105}},"loc":{"start":{"line":89,"column":117},"end":{"line":111,"column":13}},"line":89},"22":{"name":"(anonymous_22)","decl":{"start":{"line":91,"column":97},"end":{"line":91,"column":98}},"loc":{"start":{"line":91,"column":104},"end":{"line":91,"column":119}},"line":91},"23":{"name":"(anonymous_23)","decl":{"start":{"line":114,"column":70},"end":{"line":114,"column":71}},"loc":{"start":{"line":114,"column":84},"end":{"line":150,"column":14}},"line":114},"24":{"name":"(anonymous_24)","decl":{"start":{"line":114,"column":118},"end":{"line":114,"column":119}},"loc":{"start":{"line":114,"column":131},"end":{"line":150,"column":13}},"line":114},"25":{"name":"(anonymous_25)","decl":{"start":{"line":116,"column":97},"end":{"line":116,"column":98}},"loc":{"start":{"line":116,"column":104},"end":{"line":116,"column":123}},"line":116},"26":{"name":"(anonymous_26)","decl":{"start":{"line":163,"column":19},"end":{"line":163,"column":20}},"loc":{"start":{"line":163,"column":26},"end":{"line":167,"column":9}},"line":163},"27":{"name":"(anonymous_27)","decl":{"start":{"line":184,"column":33},"end":{"line":184,"column":34}},"loc":{"start":{"line":184,"column":94},"end":{"line":223,"column":2}},"line":184},"28":{"name":"(anonymous_28)","decl":{"start":{"line":184,"column":128},"end":{"line":184,"column":129}},"loc":{"start":{"line":184,"column":141},"end":{"line":223,"column":1}},"line":184},"29":{"name":"(anonymous_29)","decl":{"start":{"line":224,"column":25},"end":{"line":224,"column":26}},"loc":{"start":{"line":224,"column":52},"end":{"line":237,"column":2}},"line":224},"30":{"name":"(anonymous_30)","decl":{"start":{"line":224,"column":86},"end":{"line":224,"column":87}},"loc":{"start":{"line":224,"column":99},"end":{"line":237,"column":1}},"line":224},"31":{"name":"(anonymous_31)","decl":{"start":{"line":238,"column":20},"end":{"line":238,"column":21}},"loc":{"start":{"line":238,"column":47},"end":{"line":251,"column":2}},"line":238},"32":{"name":"(anonymous_32)","decl":{"start":{"line":238,"column":81},"end":{"line":238,"column":82}},"loc":{"start":{"line":238,"column":94},"end":{"line":251,"column":1}},"line":238},"33":{"name":"(anonymous_33)","decl":{"start":{"line":252,"column":22},"end":{"line":252,"column":23}},"loc":{"start":{"line":252,"column":49},"end":{"line":265,"column":2}},"line":252},"34":{"name":"(anonymous_34)","decl":{"start":{"line":252,"column":83},"end":{"line":252,"column":84}},"loc":{"start":{"line":252,"column":96},"end":{"line":265,"column":1}},"line":252},"35":{"name":"(anonymous_35)","decl":{"start":{"line":266,"column":19},"end":{"line":266,"column":20}},"loc":{"start":{"line":266,"column":46},"end":{"line":279,"column":2}},"line":266},"36":{"name":"(anonymous_36)","decl":{"start":{"line":266,"column":80},"end":{"line":266,"column":81}},"loc":{"start":{"line":266,"column":93},"end":{"line":279,"column":1}},"line":266},"37":{"name":"(anonymous_37)","decl":{"start":{"line":280,"column":21},"end":{"line":280,"column":22}},"loc":{"start":{"line":280,"column":48},"end":{"line":293,"column":2}},"line":280},"38":{"name":"(anonymous_38)","decl":{"start":{"line":280,"column":82},"end":{"line":280,"column":83}},"loc":{"start":{"line":280,"column":95},"end":{"line":293,"column":1}},"line":280},"39":{"name":"(anonymous_39)","decl":{"start":{"line":294,"column":36},"end":{"line":294,"column":37}},"loc":{"start":{"line":294,"column":63},"end":{"line":307,"column":2}},"line":294},"40":{"name":"(anonymous_40)","decl":{"start":{"line":294,"column":97},"end":{"line":294,"column":98}},"loc":{"start":{"line":294,"column":110},"end":{"line":307,"column":1}},"line":294}},"branchMap":{"0":{"loc":{"start":{"line":2,"column":16},"end":{"line":10,"column":1}},"type":"binary-expr","locations":[{"start":{"line":2,"column":17},"end":{"line":2,"column":21}},{"start":{"line":2,"column":25},"end":{"line":2,"column":39}},{"start":{"line":2,"column":44},"end":{"line":10,"column":1}}],"line":2},"1":{"loc":{"start":{"line":3,"column":35},"end":{"line":3,"column":109}},"type":"cond-expr","locations":[{"start":{"line":3,"column":56},"end":{"line":3,"column":61}},{"start":{"line":3,"column":64},"end":{"line":3,"column":109}}],"line":3},"2":{"loc":{"start":{"line":4,"column":16},"end":{"line":4,"column":34}},"type":"binary-expr","locations":[{"start":{"line":4,"column":16},"end":{"line":4,"column":17}},{"start":{"line":4,"column":22},"end":{"line":4,"column":33}}],"line":4},"3":{"loc":{"start":{"line":7,"column":32},"end":{"line":7,"column":115}},"type":"cond-expr","locations":[{"start":{"line":7,"column":46},"end":{"line":7,"column":67}},{"start":{"line":7,"column":70},"end":{"line":7,"column":115}}],"line":7},"4":{"loc":{"start":{"line":8,"column":51},"end":{"line":8,"column":67}},"type":"binary-expr","locations":[{"start":{"line":8,"column":51},"end":{"line":8,"column":61}},{"start":{"line":8,"column":65},"end":{"line":8,"column":67}}],"line":8},"5":{"loc":{"start":{"line":11,"column":22},"end":{"line":13,"column":1}},"type":"binary-expr","locations":[{"start":{"line":11,"column":23},"end":{"line":11,"column":27}},{"start":{"line":11,"column":31},"end":{"line":11,"column":51}},{"start":{"line":11,"column":56},"end":{"line":13,"column":1}}],"line":11},"6":{"loc":{"start":{"line":12,"column":11},"end":{"line":12,"column":61}},"type":"cond-expr","locations":[{"start":{"line":12,"column":37},"end":{"line":12,"column":40}},{"start":{"line":12,"column":43},"end":{"line":12,"column":61}}],"line":12},"7":{"loc":{"start":{"line":12,"column":12},"end":{"line":12,"column":33}},"type":"binary-expr","locations":[{"start":{"line":12,"column":12},"end":{"line":12,"column":15}},{"start":{"line":12,"column":19},"end":{"line":12,"column":33}}],"line":12},"8":{"loc":{"start":{"line":41,"column":8},"end":{"line":44,"column":9}},"type":"if","locations":[{"start":{"line":41,"column":8},"end":{"line":44,"column":9}},{"start":{"line":41,"column":8},"end":{"line":44,"column":9}}],"line":41},"9":{"loc":{"start":{"line":91,"column":16},"end":{"line":110,"column":17}},"type":"if","locations":[{"start":{"line":91,"column":16},"end":{"line":110,"column":17}},{"start":{"line":91,"column":16},"end":{"line":110,"column":17}}],"line":91},"10":{"loc":{"start":{"line":91,"column":20},"end":{"line":91,"column":120}},"type":"cond-expr","locations":[{"start":{"line":91,"column":80},"end":{"line":91,"column":86}},{"start":{"line":91,"column":89},"end":{"line":91,"column":120}}],"line":91},"11":{"loc":{"start":{"line":91,"column":20},"end":{"line":91,"column":77}},"type":"binary-expr","locations":[{"start":{"line":91,"column":20},"end":{"line":91,"column":60}},{"start":{"line":91,"column":64},"end":{"line":91,"column":77}}],"line":91},"12":{"loc":{"start":{"line":116,"column":16},"end":{"line":135,"column":17}},"type":"if","locations":[{"start":{"line":116,"column":16},"end":{"line":135,"column":17}},{"start":{"line":116,"column":16},"end":{"line":135,"column":17}}],"line":116},"13":{"loc":{"start":{"line":116,"column":20},"end":{"line":116,"column":124}},"type":"cond-expr","locations":[{"start":{"line":116,"column":80},"end":{"line":116,"column":86}},{"start":{"line":116,"column":89},"end":{"line":116,"column":124}}],"line":116},"14":{"loc":{"start":{"line":116,"column":20},"end":{"line":116,"column":77}},"type":"binary-expr","locations":[{"start":{"line":116,"column":20},"end":{"line":116,"column":60}},{"start":{"line":116,"column":64},"end":{"line":116,"column":77}}],"line":116},"15":{"loc":{"start":{"line":137,"column":16},"end":{"line":144,"column":17}},"type":"if","locations":[{"start":{"line":137,"column":16},"end":{"line":144,"column":17}},{"start":{"line":137,"column":16},"end":{"line":144,"column":17}}],"line":137},"16":{"loc":{"start":{"line":145,"column":16},"end":{"line":149,"column":17}},"type":"if","locations":[{"start":{"line":145,"column":16},"end":{"line":149,"column":17}},{"start":{"line":145,"column":16},"end":{"line":149,"column":17}}],"line":145},"17":{"loc":{"start":{"line":151,"column":12},"end":{"line":159,"column":13}},"type":"if","locations":[{"start":{"line":151,"column":12},"end":{"line":159,"column":13}},{"start":{"line":151,"column":12},"end":{"line":159,"column":13}}],"line":151},"18":{"loc":{"start":{"line":151,"column":16},"end":{"line":151,"column":50}},"type":"binary-expr","locations":[{"start":{"line":151,"column":16},"end":{"line":151,"column":29}},{"start":{"line":151,"column":33},"end":{"line":151,"column":50}}],"line":151},"19":{"loc":{"start":{"line":154,"column":29},"end":{"line":154,"column":65}},"type":"binary-expr","locations":[{"start":{"line":154,"column":29},"end":{"line":154,"column":42}},{"start":{"line":154,"column":46},"end":{"line":154,"column":65}}],"line":154},"20":{"loc":{"start":{"line":156,"column":37},"end":{"line":156,"column":139}},"type":"binary-expr","locations":[{"start":{"line":156,"column":37},"end":{"line":156,"column":54}},{"start":{"line":156,"column":59},"end":{"line":156,"column":138}}],"line":156},"21":{"loc":{"start":{"line":156,"column":59},"end":{"line":156,"column":138}},"type":"cond-expr","locations":[{"start":{"line":156,"column":115},"end":{"line":156,"column":121}},{"start":{"line":156,"column":124},"end":{"line":156,"column":138}}],"line":156},"22":{"loc":{"start":{"line":156,"column":59},"end":{"line":156,"column":112}},"type":"binary-expr","locations":[{"start":{"line":156,"column":59},"end":{"line":156,"column":95}},{"start":{"line":156,"column":99},"end":{"line":156,"column":112}}],"line":156},"23":{"loc":{"start":{"line":168,"column":8},"end":{"line":170,"column":9}},"type":"if","locations":[{"start":{"line":168,"column":8},"end":{"line":170,"column":9}},{"start":{"line":168,"column":8},"end":{"line":170,"column":9}}],"line":168},"24":{"loc":{"start":{"line":186,"column":30},"end":{"line":186,"column":76}},"type":"binary-expr","locations":[{"start":{"line":186,"column":30},"end":{"line":186,"column":36}},{"start":{"line":186,"column":40},"end":{"line":186,"column":76}}],"line":186},"25":{"loc":{"start":{"line":187,"column":30},"end":{"line":187,"column":150}},"type":"binary-expr","locations":[{"start":{"line":187,"column":31},"end":{"line":187,"column":116}},{"start":{"line":187,"column":121},"end":{"line":187,"column":129}},{"start":{"line":187,"column":133},"end":{"line":187,"column":150}}],"line":187},"26":{"loc":{"start":{"line":187,"column":31},"end":{"line":187,"column":116}},"type":"cond-expr","locations":[{"start":{"line":187,"column":84},"end":{"line":187,"column":90}},{"start":{"line":187,"column":93},"end":{"line":187,"column":116}}],"line":187},"27":{"loc":{"start":{"line":187,"column":31},"end":{"line":187,"column":81}},"type":"binary-expr","locations":[{"start":{"line":187,"column":31},"end":{"line":187,"column":53}},{"start":{"line":187,"column":57},"end":{"line":187,"column":81}}],"line":187},"28":{"loc":{"start":{"line":191,"column":31},"end":{"line":191,"column":53}},"type":"binary-expr","locations":[{"start":{"line":191,"column":31},"end":{"line":191,"column":45}},{"start":{"line":191,"column":49},"end":{"line":191,"column":53}}],"line":191},"29":{"loc":{"start":{"line":192,"column":34},"end":{"line":192,"column":140}},"type":"binary-expr","locations":[{"start":{"line":192,"column":35},"end":{"line":192,"column":131}},{"start":{"line":192,"column":136},"end":{"line":192,"column":140}}],"line":192},"30":{"loc":{"start":{"line":192,"column":35},"end":{"line":192,"column":131}},"type":"cond-expr","locations":[{"start":{"line":192,"column":88},"end":{"line":192,"column":94}},{"start":{"line":192,"column":97},"end":{"line":192,"column":131}}],"line":192},"31":{"loc":{"start":{"line":192,"column":35},"end":{"line":192,"column":85}},"type":"binary-expr","locations":[{"start":{"line":192,"column":35},"end":{"line":192,"column":57}},{"start":{"line":192,"column":61},"end":{"line":192,"column":85}}],"line":192},"32":{"loc":{"start":{"line":195,"column":8},"end":{"line":198,"column":9}},"type":"if","locations":[{"start":{"line":195,"column":8},"end":{"line":198,"column":9}},{"start":{"line":195,"column":8},"end":{"line":198,"column":9}}],"line":195},"33":{"loc":{"start":{"line":199,"column":8},"end":{"line":203,"column":9}},"type":"if","locations":[{"start":{"line":199,"column":8},"end":{"line":203,"column":9}},{"start":{"line":199,"column":8},"end":{"line":203,"column":9}}],"line":199},"34":{"loc":{"start":{"line":199,"column":12},"end":{"line":199,"column":57}},"type":"binary-expr","locations":[{"start":{"line":199,"column":12},"end":{"line":199,"column":28}},{"start":{"line":199,"column":32},"end":{"line":199,"column":57}}],"line":199},"35":{"loc":{"start":{"line":207,"column":8},"end":{"line":214,"column":9}},"type":"if","locations":[{"start":{"line":207,"column":8},"end":{"line":214,"column":9}},{"start":{"line":207,"column":8},"end":{"line":214,"column":9}}],"line":207}},"s":{"0":1,"1":44,"2":0,"3":44,"4":44,"5":44,"6":0,"7":0,"8":0,"9":0,"10":88,"11":44,"12":1,"13":4,"14":1,"15":1,"16":1,"17":1,"18":1,"19":1,"20":1,"21":1,"22":1,"23":1,"24":1,"25":1,"26":9,"27":9,"28":9,"29":0,"30":0,"31":0,"32":1,"33":9,"34":9,"35":9,"36":9,"37":1,"38":1,"39":8,"40":8,"41":8,"42":0,"43":0,"44":0,"45":1,"46":0,"47":0,"48":0,"49":0,"50":0,"51":0,"52":0,"53":0,"54":0,"55":0,"56":0,"57":0,"58":0,"59":0,"60":0,"61":0,"62":0,"63":0,"64":0,"65":0,"66":0,"67":0,"68":0,"69":0,"70":0,"71":0,"72":0,"73":0,"74":0,"75":0,"76":0,"77":0,"78":0,"79":0,"80":0,"81":0,"82":0,"83":0,"84":0,"85":0,"86":0,"87":0,"88":0,"89":0,"90":0,"91":0,"92":0,"93":0,"94":0,"95":0,"96":1,"97":1,"98":26,"99":26,"100":26,"101":26,"102":26,"103":26,"104":0,"105":0,"106":26,"107":0,"108":0,"109":26,"110":26,"111":26,"112":26,"113":5,"114":5,"115":26,"116":26,"117":0,"118":0,"119":0,"120":1,"121":0,"122":0,"123":0,"124":0,"125":0,"126":0,"127":0,"128":1,"129":0,"130":0,"131":0,"132":0,"133":0,"134":0,"135":0,"136":1,"137":0,"138":0,"139":0,"140":0,"141":0,"142":0,"143":0,"144":1,"145":0,"146":0,"147":0,"148":0,"149":0,"150":0,"151":0,"152":1,"153":0,"154":0,"155":0,"156":0,"157":0,"158":0,"159":0,"160":1,"161":0,"162":0,"163":0,"164":0,"165":0,"166":0,"167":0},"f":{"0":44,"1":44,"2":0,"3":44,"4":44,"5":0,"6":88,"7":4,"8":9,"9":9,"10":9,"11":9,"12":0,"13":0,"14":0,"15":0,"16":0,"17":0,"18":0,"19":0,"20":0,"21":0,"22":0,"23":0,"24":0,"25":0,"26":0,"27":26,"28":26,"29":0,"30":0,"31":0,"32":0,"33":0,"34":0,"35":0,"36":0,"37":0,"38":0,"39":0,"40":0},"b":{"0":[1,1,1],"1":[44,0],"2":[44,44],"3":[44,44],"4":[44,44],"5":[1,1,1],"6":[3,1],"7":[4,4],"8":[1,8],"9":[0,0],"10":[0,0],"11":[0,0],"12":[0,0],"13":[0,0],"14":[0,0],"15":[0,0],"16":[0,0],"17":[0,0],"18":[0,0],"19":[0,0],"20":[0,0],"21":[0,0],"22":[0,0],"23":[0,0],"24":[26,6],"25":[26,20,18],"26":[20,6],"27":[26,7],"28":[26,26],"29":[26,20],"30":[20,6],"31":[26,7],"32":[0,26],"33":[0,26],"34":[26,2],"35":[5,21]},"inputSourceMap":{"version":3,"file":"/Users/esra/projects/programming/bobaserver/server/boards/queries.ts","sources":["/Users/esra/projects/programming/bobaserver/server/boards/queries.ts"],"names":[],"mappings":";;;;;;;;;;;;;;;AAAA,kDAA0B;AAC1B,mDAA2B;AAC3B,gDAAwB;AACxB,uDAAoC;AAEpC,mCAA2C;AAC3C,oDAA8D;AAE9D,MAAM,IAAI,GAAG,eAAK,CAAC,+BAA+B,CAAC,CAAC;AACpD,MAAM,GAAG,GAAG,eAAK,CAAC,8BAA8B,CAAC,CAAC;AAClD,MAAM,KAAK,GAAG,eAAK,CAAC,gCAAgC,CAAC,CAAC;AAEzC,QAAA,SAAS,GAAG,CAAO,EAC9B,UAAU,GAGX,EAAgB,EAAE;IACjB,IAAI;QACF,OAAO,MAAM,cAAI,CAAC,IAAI,CAAC,aAAG,CAAC,YAAY,EAAE,EAAE,WAAW,EAAE,UAAU,EAAE,CAAC,CAAC;KACvE;IAAC,OAAO,CAAC,EAAE;QACV,KAAK,CAAC,8BAA8B,CAAC,CAAC;QACtC,KAAK,CAAC,CAAC,CAAC,CAAC;QACT,OAAO,KAAK,CAAC;KACd;AACH,CAAC,CAAA,CAAC;AAEW,QAAA,cAAc,GAAG,CAAO,EACnC,UAAU,EACV,IAAI,GAIL,EAA4B,EAAE;IAC7B,IAAI;QACF,MAAM,IAAI,GAAG,MAAM,cAAI,CAAC,SAAS,CAAC,aAAG,CAAC,cAAc,EAAE;YACpD,WAAW,EAAE,UAAU;YACvB,UAAU,EAAE,IAAI;SACjB,CAAC,CAAC;QAEH,IAAI,CAAC,IAAI,EAAE;YACT,GAAG,CAAC,oBAAoB,IAAI,EAAE,CAAC,CAAC;YAChC,OAAO,IAAI,CAAC;SACb;QAED,IAAI,CAAC,kCAAkC,EAAE,IAAI,CAAC,CAAC;QAC/C,GAAG,CAAC,iBAAiB,IAAI,aAAa,UAAU,EAAE,CAAC,CAAC;QACpD,OAAO,IAAI,CAAC;KACb;IAAC,OAAO,CAAC,EAAE;QACV,KAAK,CAAC,uCAAuC,IAAI,IAAI,CAAC,CAAC;QACvD,KAAK,CAAC,CAAC,CAAC,CAAC;QACT,OAAO,IAAI,CAAC;KACb;AACH,CAAC,CAAA,CAAC;AAEW,QAAA,mBAAmB,GAAG,CAAO,EACxC,IAAI,EACJ,UAAU,EACV,WAAW,EACX,WAAW,GAMZ,EAAgB,EAAE;IACjB,IAAI;QACF,MAAM,KAAK,GAAG,wBAAgB,CAAC;YAC7B,WAAW;YACX,WAAW;SACZ,CAAC,CAAC;QAEH,GAAG,CAAC,+CAA+C,IAAI,EAAE,CAAC,CAAC;QAC3D,6CAA6C;QAC7C,GAAG,CAAC,KAAK,CAAC,CAAC;QAEX,MAAM,OAAO,GAAG,MAAM,cAAI;aACvB,EAAE,CAAC,qBAAqB,EAAE,CAAO,WAAW,EAAE,EAAE;;YAC/C,uBAAuB;YACvB,MAAM,OAAO,CAAC,GAAG,CACf,KAAK,CAAC,KAAK,CAAC,OAAO,CAAC,GAAG,CAAC,CAAO,IAAI,EAAE,EAAE;gBACrC,MAAM,WAAW,CAAC,IAAI,CAAC,aAAG,CAAC,aAAa,EAAE;oBACxC,UAAU,EAAE,IAAI,CAAC,EAAE;oBACnB,UAAU,EAAE,IAAI;iBACjB,CAAC,CAAC;YACL,CAAC,CAAA,CAAC,CACH,CAAC;YACF,GAAG,CAAC,gCAAgC,CAAC,CAAC;YAEtC,kCAAkC;YAClC,MAAM,OAAO,CAAC,GAAG,CACf,KAAK,CAAC,eAAe,CAAC,OAAO,CAAC,GAAG,CAAC,CAAO,MAAM,EAAE,EAAE;gBACjD,MAAM,WAAW,CAAC,IAAI,CAAC,aAAG,CAAC,uBAAuB,EAAE;oBAClD,UAAU,EAAE,MAAM,CAAC,EAAE;oBACrB,UAAU,EAAE,IAAI;oBAChB,cAAc,EAAE,IAAI;iBACrB,CAAC,CAAC;gBACH,MAAM,WAAW,CAAC,IAAI,CAAC,aAAG,CAAC,aAAa,EAAE;oBACxC,UAAU,EAAE,MAAM,CAAC,EAAE;oBACrB,UAAU,EAAE,IAAI;iBACjB,CAAC,CAAC;YACL,CAAC,CAAA,CAAC,CACH,CAAC;YACF,GAAG,CAAC,4CAA4C,CAAC,CAAC;YAElD,yBAAyB;YACzB,MAAM,OAAO,CAAC,GAAG,CACf,KAAK,CAAC,KAAK,CAAC,aAAa,CAAC,GAAG,CAAC,CAAO,IAAI,EAAE,EAAE;;gBAC3C,UAAI,WAAW,CAAC,YAAY,0CAAE,IAAI,CAAC,CAAC,CAAC,EAAE,EAAE,CAAC,CAAC,CAAC,EAAE,IAAI,IAAI,CAAC,EAAE,GAAG;oBAC1D,oDAAoD;oBACpD,MAAM,WAAW,CAAC,GAAG,CAAC,aAAG,CAAC,aAAa,EAAE;wBACvC,KAAK,EAAE,IAAI,CAAC,KAAK;wBACjB,WAAW,EAAE,IAAI,CAAC,WAAW;wBAC7B,KAAK,EAAE,IAAI,CAAC,KAAK;wBACjB,UAAU,EAAE,IAAI;wBAChB,UAAU,EAAE,IAAI,CAAC,EAAE;qBACpB,CAAC,CAAC;iBACJ;qBAAM;oBACL,MAAM,WAAW,CAAC,GAAG,CAAC,aAAG,CAAC,aAAa,EAAE;wBACvC,UAAU,EAAE,IAAI,CAAC,EAAE;wBACnB,KAAK,EAAE,IAAI,CAAC,KAAK;wBACjB,WAAW,EAAE,IAAI,CAAC,WAAW;wBAC7B,KAAK,EAAE,IAAI,CAAC,KAAK;wBACjB,UAAU,EAAE,IAAI;wBAChB,IAAI,EAAE,MAAM;qBACb,CAAC,CAAC;iBACJ;YACH,CAAC,CAAA,CAAC,CACH,CAAC;YACF,GAAG,CAAC,oCAAoC,CAAC,CAAC;YAE1C,qCAAqC;YACrC,MAAM,OAAO,CAAC,GAAG,CACf,KAAK,CAAC,eAAe,CAAC,aAAa,CAAC,GAAG,CAAC,CAAO,QAAQ,EAAE,EAAE;;gBACzD,UAAI,WAAW,CAAC,YAAY,0CAAE,IAAI,CAAC,CAAC,CAAC,EAAE,EAAE,CAAC,CAAC,CAAC,EAAE,IAAI,QAAQ,CAAC,EAAE,GAAG;oBAC9D,oDAAoD;oBACpD,MAAM,WAAW,CAAC,GAAG,CAAC,aAAG,CAAC,aAAa,EAAE;wBACvC,KAAK,EAAE,QAAQ,CAAC,KAAK;wBACrB,WAAW,EAAE,QAAQ,CAAC,WAAW;wBACjC,KAAK,EAAE,QAAQ,CAAC,KAAK;wBACrB,UAAU,EAAE,IAAI;wBAChB,UAAU,EAAE,QAAQ,CAAC,EAAE;qBACxB,CAAC,CAAC;iBACJ;qBAAM;oBACL,MAAM,WAAW,CAAC,GAAG,CAAC,aAAG,CAAC,aAAa,EAAE;wBACvC,UAAU,EAAE,QAAQ,CAAC,EAAE;wBACvB,KAAK,EAAE,QAAQ,CAAC,KAAK;wBACrB,WAAW,EAAE,QAAQ,CAAC,WAAW;wBACjC,KAAK,EAAE,QAAQ,CAAC,KAAK;wBACrB,UAAU,EAAE,IAAI;wBAChB,IAAI,EAAE,iBAAiB;qBACxB,CAAC,CAAC;iBACJ;gBACD,GAAG,CAAC,oDAAoD,CAAC,CAAC;gBAC1D,IAAI,QAAQ,CAAC,UAAU,CAAC,OAAO,CAAC,MAAM,GAAG,CAAC,EAAE;oBAC1C,MAAM,WAAW,CAAC,IAAI,CAAC,aAAG,CAAC,uBAAuB,EAAE;wBAClD,UAAU,EAAE,QAAQ,CAAC,EAAE;wBACvB,UAAU,EAAE,IAAI;wBAChB,cAAc,EAAE,QAAQ,CAAC,UAAU,CAAC,OAAO;qBAC5C,CAAC,CAAC;oBACH,GAAG,CAAC,0CAA0C,CAAC,CAAC;iBACjD;gBACD,IAAI,QAAQ,CAAC,UAAU,CAAC,GAAG,CAAC,MAAM,GAAG,CAAC,EAAE;oBACtC,MAAM,WAAW,CAAC,UAAU,CAC1B,aAAQ,CAAC,wBAAwB,CAAC,QAAQ,CAAC,UAAU,CAAC,GAAG,CAAC,CAC3D,CAAC;oBACF,MAAM,WAAW,CAAC,UAAU,CAC1B,aAAG,CAAC,uCAAuC,CACzC,QAAQ,CAAC,EAAE,EACX,QAAQ,CAAC,UAAU,CAAC,GAAG,CACxB,CACF,CAAC;oBACF,GAAG,CAAC,iCAAiC,CAAC,CAAC;iBACxC;YACH,CAAC,CAAA,CAAC,CACH,CAAC;YAEF,IAAI,KAAK,CAAC,OAAO,IAAI,KAAK,CAAC,WAAW,EAAE;gBACtC,MAAM,WAAW,CAAC,IAAI,CAAC,aAAG,CAAC,mBAAmB,EAAE;oBAC9C,IAAI;oBACJ,OAAO,EAAE,KAAK,CAAC,OAAO,IAAI,WAAW,CAAC,OAAO;oBAC7C,QAAQ,EAAE;wBACR,WAAW,EACT,KAAK,CAAC,WAAW,WAAI,WAAW,CAAC,QAAQ,0CAAE,WAAW,CAAA;qBACzD;iBACF,CAAC,CAAC;aACJ;YAED,GAAG,CAAC,+CAA+C,CAAC,CAAC;YACrD,OAAO,IAAI,CAAC;QACd,CAAC,CAAA,CAAC;aACD,KAAK,CAAC,CAAC,CAAC,EAAE,EAAE;YACX,KAAK,CAAC,sCAAsC,CAAC,CAAC;YAC9C,KAAK,CAAC,CAAC,CAAC,CAAC;YACT,OAAO,KAAK,CAAC;QACf,CAAC,CAAC,CAAC;QAEL,IAAI,CAAC,OAAO,EAAE;YACZ,OAAO,KAAK,CAAC;SACd;QAED,4BAA4B;QAC5B,OAAO,MAAM,cAAI,CAAC,SAAS,CAAC,aAAG,CAAC,cAAc,EAAE;YAC9C,UAAU,EAAE,IAAI;YAChB,WAAW,EAAE,UAAU;SACxB,CAAC,CAAC;KACJ;IAAC,OAAO,CAAC,EAAE;QACV,KAAK,CAAC,+BAA+B,IAAI,aAAa,CAAC,CAAC;QACxD,KAAK,CAAC,CAAC,CAAC,CAAC;QACT,OAAO,KAAK,CAAC;KACd;AACH,CAAC,CAAA,CAAC;AAEF,MAAM,iBAAiB,GAAG,EAAE,CAAC;AAChB,QAAA,sBAAsB,GAAG,CAAO,EAC3C,IAAI,EACJ,UAAU,EACV,cAAc,EACd,MAAM,EACN,QAAQ,GAOT,EAMC,EAAE;IACF,IAAI;QACF,MAAM,aAAa,GAAG,MAAM,IAAI,4BAAY,CAAC,MAAM,CAAC,CAAC;QAErD,MAAM,aAAa,GACjB,CAAA,aAAa,aAAb,aAAa,uBAAb,aAAa,CAAE,SAAS,KAAI,QAAQ,IAAI,iBAAiB,CAAC;QAC5D,MAAM,IAAI,GAAG,MAAM,cAAI,CAAC,UAAU,CAAC,aAAG,CAAC,sBAAsB,EAAE;YAC7D,UAAU,EAAE,IAAI;YAChB,WAAW,EAAE,UAAU;YACvB,iBAAiB,EAAE,cAAc,IAAI,IAAI;YACzC,oBAAoB,EAAE,CAAA,aAAa,aAAb,aAAa,uBAAb,aAAa,CAAE,oBAAoB,KAAI,IAAI;YACjE,SAAS,EAAE,aAAa;SACzB,CAAC,CAAC;QAEH,IAAI,CAAC,IAAI,EAAE;YACT,GAAG,CAAC,oBAAoB,IAAI,EAAE,CAAC,CAAC;YAChC,OAAO,IAAI,CAAC;SACb;QAED,IAAI,IAAI,CAAC,MAAM,IAAI,CAAC,IAAI,IAAI,CAAC,CAAC,CAAC,CAAC,SAAS,IAAI,IAAI,EAAE;YACjD,0CAA0C;YAC1C,GAAG,CAAC,gBAAgB,IAAI,EAAE,CAAC,CAAC;YAC5B,OAAO,EAAE,MAAM,EAAE,SAAS,EAAE,QAAQ,EAAE,EAAE,EAAE,CAAC;SAC5C;QAED,IAAI,MAAM,GAAG,IAAI,CAAC;QAClB,IAAI,UAAU,GAAG,IAAI,CAAC;QACtB,IAAI,CAAC,yCAAyC,EAAE,MAAM,CAAC,CAAC;QACxD,IAAI,MAAM,CAAC,MAAM,GAAG,aAAa,EAAE;YACjC,UAAU,GAAG,4BAAY,CAAC;gBACxB,oBAAoB,EAAE,MAAM,CAAC,MAAM,CAAC,MAAM,GAAG,CAAC,CAAC,CAAC,oBAAoB;gBACpE,SAAS,EAAE,aAAa;aACzB,CAAC,CAAC;YACH,iCAAiC;YACjC,MAAM,CAAC,GAAG,EAAE,CAAC;SACd;QAED,GAAG,CAAC,iBAAiB,IAAI,2BAA2B,UAAU,EAAE,CAAC,CAAC;QAClE,OAAO,EAAE,MAAM,EAAE,UAAU,EAAE,QAAQ,EAAE,IAAI,EAAE,CAAC;KAC/C;IAAC,OAAO,CAAC,EAAE;QACV,KAAK,CAAC,uCAAuC,IAAI,IAAI,CAAC,CAAC;QACvD,KAAK,CAAC,CAAC,CAAC,CAAC;QACT,OAAO,KAAK,CAAC;KACd;AACH,CAAC,CAAA,CAAC;AAEW,QAAA,cAAc,GAAG,CAAO,EACnC,IAAI,EACJ,UAAU,GAIX,EAAE,EAAE;IACH,IAAI;QACF,MAAM,cAAI,CAAC,IAAI,CAAC,aAAG,CAAC,cAAc,EAAE;YAClC,WAAW,EAAE,UAAU;YACvB,UAAU,EAAE,IAAI;SACjB,CAAC,CAAC;QACH,OAAO,IAAI,CAAC;KACb;IAAC,OAAO,CAAC,EAAE;QACV,KAAK,CAAC,qCAAqC,CAAC,CAAC;QAC7C,KAAK,CAAC,CAAC,CAAC,CAAC;QACT,OAAO,KAAK,CAAC;KACd;AACH,CAAC,CAAA,CAAC;AAEW,QAAA,SAAS,GAAG,CAAO,EAC9B,IAAI,EACJ,UAAU,GAIX,EAAE,EAAE;IACH,IAAI;QACF,MAAM,cAAI,CAAC,IAAI,CAAC,aAAG,CAAC,eAAe,EAAE;YACnC,WAAW,EAAE,UAAU;YACvB,UAAU,EAAE,IAAI;SACjB,CAAC,CAAC;QACH,OAAO,IAAI,CAAC;KACb;IAAC,OAAO,CAAC,EAAE;QACV,KAAK,CAAC,2BAA2B,CAAC,CAAC;QACnC,KAAK,CAAC,CAAC,CAAC,CAAC;QACT,OAAO,KAAK,CAAC;KACd;AACH,CAAC,CAAA,CAAC;AAEW,QAAA,WAAW,GAAG,CAAO,EAChC,IAAI,EACJ,UAAU,GAIX,EAAE,EAAE;IACH,IAAI;QACF,MAAM,cAAI,CAAC,IAAI,CAAC,aAAG,CAAC,iBAAiB,EAAE;YACrC,WAAW,EAAE,UAAU;YACvB,UAAU,EAAE,IAAI;SACjB,CAAC,CAAC;QACH,OAAO,IAAI,CAAC;KACb;IAAC,OAAO,CAAC,EAAE;QACV,KAAK,CAAC,6BAA6B,CAAC,CAAC;QACrC,KAAK,CAAC,CAAC,CAAC,CAAC;QACT,OAAO,KAAK,CAAC;KACd;AACH,CAAC,CAAA,CAAC;AAEW,QAAA,QAAQ,GAAG,CAAO,EAC7B,IAAI,EACJ,UAAU,GAIX,EAAE,EAAE;IACH,IAAI;QACF,MAAM,cAAI,CAAC,IAAI,CAAC,aAAG,CAAC,cAAc,EAAE;YAClC,WAAW,EAAE,UAAU;YACvB,UAAU,EAAE,IAAI;SACjB,CAAC,CAAC;QACH,OAAO,IAAI,CAAC;KACb;IAAC,OAAO,CAAC,EAAE;QACV,KAAK,CAAC,4BAA4B,CAAC,CAAC;QACpC,KAAK,CAAC,CAAC,CAAC,CAAC;QACT,OAAO,KAAK,CAAC;KACd;AACH,CAAC,CAAA,CAAC;AAEW,QAAA,UAAU,GAAG,CAAO,EAC/B,IAAI,EACJ,UAAU,GAIX,EAAE,EAAE;IACH,IAAI;QACF,MAAM,cAAI,CAAC,IAAI,CAAC,aAAG,CAAC,gBAAgB,EAAE;YACpC,WAAW,EAAE,UAAU;YACvB,UAAU,EAAE,IAAI;SACjB,CAAC,CAAC;QACH,OAAO,IAAI,CAAC;KACb;IAAC,OAAO,CAAC,EAAE;QACV,KAAK,CAAC,8BAA8B,CAAC,CAAC;QACtC,KAAK,CAAC,CAAC,CAAC,CAAC;QACT,OAAO,KAAK,CAAC;KACd;AACH,CAAC,CAAA,CAAC;AAEW,QAAA,yBAAyB,GAAG,CAAO,EAC9C,IAAI,EACJ,UAAU,GAIX,EAAE,EAAE;IACH,IAAI;QACF,MAAM,cAAI,CAAC,IAAI,CAAC,aAAG,CAAC,0BAA0B,EAAE;YAC9C,WAAW,EAAE,UAAU;YACvB,UAAU,EAAE,IAAI;SACjB,CAAC,CAAC;QACH,OAAO,IAAI,CAAC;KACb;IAAC,OAAO,CAAC,EAAE;QACV,KAAK,CAAC,6BAA6B,CAAC,CAAC;QACrC,KAAK,CAAC,CAAC,CAAC,CAAC;QACT,OAAO,KAAK,CAAC;KACd;AACH,CAAC,CAAA,CAAC","sourcesContent":["import debug from \"debug\";\nimport pool from \"../pool\";\nimport sql from \"./sql\";\nimport postsSQL from \"../posts/sql\";\nimport { DbBoardMetadata, DbActivityThreadType } from \"../../Types\";\nimport { getMetadataDelta } from \"./utils\";\nimport { encodeCursor, decodeCursor } from \"../queries-utils\";\n\nconst info = debug(\"bobaserver:board:queries-info\");\nconst log = debug(\"bobaserver:board:queries-log\");\nconst error = debug(\"bobaserver:board:queries-error\");\n\nexport const getBoards = async ({\n  firebaseId,\n}: {\n  firebaseId: string;\n}): Promise<any> => {\n  try {\n    return await pool.many(sql.getAllBoards, { firebase_id: firebaseId });\n  } catch (e) {\n    error(`Error while fetching boards.`);\n    error(e);\n    return false;\n  }\n};\n\nexport const getBoardBySlug = async ({\n  firebaseId,\n  slug,\n}: {\n  firebaseId: string | undefined;\n  slug: string;\n}): Promise<DbBoardMetadata> => {\n  try {\n    const rows = await pool.oneOrNone(sql.getBoardBySlug, {\n      firebase_id: firebaseId,\n      board_slug: slug,\n    });\n\n    if (!rows) {\n      log(`Board not found: ${slug}`);\n      return null;\n    }\n\n    info(`Got getBoardBySlug query result:`, rows);\n    log(`Fetched board ${slug} for user ${firebaseId}`);\n    return rows;\n  } catch (e) {\n    error(`Error while fetching board by slug (${slug}).`);\n    error(e);\n    return null;\n  }\n};\n\nexport const updateBoardMetadata = async ({\n  slug,\n  firebaseId,\n  oldMetadata,\n  newMetadata,\n}: {\n  slug: string;\n  firebaseId: string;\n  oldMetadata: DbBoardMetadata;\n  newMetadata: Partial<DbBoardMetadata>;\n}): Promise<any> => {\n  try {\n    const delta = getMetadataDelta({\n      oldMetadata,\n      newMetadata,\n    });\n\n    log(`Received metadata delta for update to board ${slug}`);\n    // TODO: print at depth (now seeing [Object])\n    log(delta);\n\n    const success = await pool\n      .tx(\"update-descriptions\", async (transaction) => {\n        // Delete all old texts\n        await Promise.all(\n          delta.texts.deleted.map(async (text) => {\n            await transaction.none(sql.deleteSection, {\n              section_id: text.id,\n              board_slug: slug,\n            });\n          })\n        );\n        log(\"Deleted obsolete text sections\");\n\n        // Delete all old category filters\n        await Promise.all(\n          delta.categoryFilters.deleted.map(async (filter) => {\n            await transaction.none(sql.deleteSectionCategories, {\n              section_id: filter.id,\n              board_slug: slug,\n              category_names: null,\n            });\n            await transaction.none(sql.deleteSection, {\n              section_id: filter.id,\n              board_slug: slug,\n            });\n          })\n        );\n        log(\"Deleted obsolete category filters sections\");\n\n        // Update or insert texts\n        await Promise.all(\n          delta.texts.newAndUpdated.map(async (text) => {\n            if (oldMetadata.descriptions?.find((c) => c.id == text.id)) {\n              // this is the update of an already-existing section\n              await transaction.one(sql.updateSection, {\n                title: text.title,\n                description: text.description,\n                index: text.index,\n                board_slug: slug,\n                section_id: text.id,\n              });\n            } else {\n              await transaction.one(sql.createSection, {\n                section_id: text.id,\n                title: text.title,\n                description: text.description,\n                index: text.index,\n                board_slug: slug,\n                type: \"text\",\n              });\n            }\n          })\n        );\n        log(\"Added (and updated) text sections.\");\n\n        // Update or insert category sections\n        await Promise.all(\n          delta.categoryFilters.newAndUpdated.map(async (category) => {\n            if (oldMetadata.descriptions?.find((c) => c.id == category.id)) {\n              // this is the update of an already-existing section\n              await transaction.one(sql.updateSection, {\n                title: category.title,\n                description: category.description,\n                index: category.index,\n                board_slug: slug,\n                section_id: category.id,\n              });\n            } else {\n              await transaction.one(sql.createSection, {\n                section_id: category.id,\n                title: category.title,\n                description: category.description,\n                index: category.index,\n                board_slug: slug,\n                type: \"category_filter\",\n              });\n            }\n            log(\"Created new category section (or updated old one).\");\n            if (category.categories.deleted.length > 0) {\n              await transaction.none(sql.deleteSectionCategories, {\n                section_id: category.id,\n                board_slug: slug,\n                category_names: category.categories.deleted,\n              });\n              log(\"Removed obsolete categories from filter.\");\n            }\n            if (category.categories.new.length > 0) {\n              await transaction.manyOrNone(\n                postsSQL.createAddCategoriesQuery(category.categories.new)\n              );\n              await transaction.manyOrNone(\n                sql.createAddCategoriesToFilterSectionQuery(\n                  category.id,\n                  category.categories.new\n                )\n              );\n              log(\"Added new categories to filter.\");\n            }\n          })\n        );\n\n        if (delta.tagline || delta.accentColor) {\n          await transaction.none(sql.updateBoardSettings, {\n            slug,\n            tagline: delta.tagline || oldMetadata.tagline,\n            settings: {\n              accentColor:\n                delta.accentColor || oldMetadata.settings?.accentColor,\n            },\n          });\n        }\n\n        log(\"Added (and updated) category filter sections.\");\n        return true;\n      })\n      .catch((e) => {\n        error(`Error while updating board metadata.`);\n        error(e);\n        return false;\n      });\n\n    if (!success) {\n      return false;\n    }\n\n    // Now return the new result\n    return await pool.oneOrNone(sql.getBoardBySlug, {\n      board_slug: slug,\n      firebase_id: firebaseId,\n    });\n  } catch (e) {\n    error(`Error while updating board (${slug}) metadata.`);\n    error(e);\n    return false;\n  }\n};\n\nconst DEFAULT_PAGE_SIZE = 10;\nexport const getBoardActivityBySlug = async ({\n  slug,\n  firebaseId,\n  filterCategory,\n  cursor,\n  pageSize,\n}: {\n  slug: string;\n  firebaseId: string;\n  filterCategory?: string | null;\n  cursor: string;\n  pageSize?: number;\n}): Promise<\n  | {\n      cursor: string | null;\n      activity: DbActivityThreadType[];\n    }\n  | false\n> => {\n  try {\n    const decodedCursor = cursor && decodeCursor(cursor);\n\n    const finalPageSize =\n      decodedCursor?.page_size || pageSize || DEFAULT_PAGE_SIZE;\n    const rows = await pool.manyOrNone(sql.getBoardActivityBySlug, {\n      board_slug: slug,\n      firebase_id: firebaseId,\n      filtered_category: filterCategory || null,\n      last_activity_cursor: decodedCursor?.last_activity_cursor || null,\n      page_size: finalPageSize,\n    });\n\n    if (!rows) {\n      log(`Board not found: ${slug}`);\n      return null;\n    }\n\n    if (rows.length == 1 && rows[0].thread_id == null) {\n      // Only one row with just the null thread)\n      log(`Board empty: ${slug}`);\n      return { cursor: undefined, activity: [] };\n    }\n\n    let result = rows;\n    let nextCursor = null;\n    info(`Got getBoardActivityBySlug query result`, result);\n    if (result.length > finalPageSize) {\n      nextCursor = encodeCursor({\n        last_activity_cursor: result[result.length - 1].thread_last_activity,\n        page_size: finalPageSize,\n      });\n      // remove last element from array\n      result.pop();\n    }\n\n    log(`Fetched board ${slug} activity data for user ${firebaseId}`);\n    return { cursor: nextCursor, activity: rows };\n  } catch (e) {\n    error(`Error while fetching board by slug (${slug}).`);\n    error(e);\n    return false;\n  }\n};\n\nexport const markBoardVisit = async ({\n  slug,\n  firebaseId,\n}: {\n  slug: string;\n  firebaseId: string;\n}) => {\n  try {\n    await pool.none(sql.markBoardVisit, {\n      firebase_id: firebaseId,\n      board_slug: slug,\n    });\n    return true;\n  } catch (e) {\n    error(`Error while recording thread visit.`);\n    error(e);\n    return false;\n  }\n};\n\nexport const muteBoard = async ({\n  slug,\n  firebaseId,\n}: {\n  slug: string;\n  firebaseId: string;\n}) => {\n  try {\n    await pool.none(sql.muteBoardBySlug, {\n      firebase_id: firebaseId,\n      board_slug: slug,\n    });\n    return true;\n  } catch (e) {\n    error(`Error while muting board.`);\n    error(e);\n    return false;\n  }\n};\n\nexport const unmuteBoard = async ({\n  slug,\n  firebaseId,\n}: {\n  slug: string;\n  firebaseId: string;\n}) => {\n  try {\n    await pool.none(sql.unmuteBoardBySlug, {\n      firebase_id: firebaseId,\n      board_slug: slug,\n    });\n    return true;\n  } catch (e) {\n    error(`Error while unmuting board.`);\n    error(e);\n    return false;\n  }\n};\n\nexport const pinBoard = async ({\n  slug,\n  firebaseId,\n}: {\n  slug: string;\n  firebaseId: string;\n}) => {\n  try {\n    await pool.none(sql.pinBoardBySlug, {\n      firebase_id: firebaseId,\n      board_slug: slug,\n    });\n    return true;\n  } catch (e) {\n    error(`Error while pinning board.`);\n    error(e);\n    return false;\n  }\n};\n\nexport const unpinBoard = async ({\n  slug,\n  firebaseId,\n}: {\n  slug: string;\n  firebaseId: string;\n}) => {\n  try {\n    await pool.none(sql.unpinBoardBySlug, {\n      firebase_id: firebaseId,\n      board_slug: slug,\n    });\n    return true;\n  } catch (e) {\n    error(`Error while unpinning board.`);\n    error(e);\n    return false;\n  }\n};\n\nexport const dismissBoardNotifications = async ({\n  slug,\n  firebaseId,\n}: {\n  slug: string;\n  firebaseId: string;\n}) => {\n  try {\n    await pool.none(sql.dismissNotificationsBySlug, {\n      firebase_id: firebaseId,\n      board_slug: slug,\n    });\n    return true;\n  } catch (e) {\n    error(`Error while unmuting board.`);\n    error(e);\n    return false;\n  }\n};\n"]},"_coverageSchema":"1a1c01bbd47fc00a2c39e90264f33305004495a9","hash":"8eb8c3efe7f5a553959fd03436515bf667ee7cab","contentHash":"0e26460879af403f684a7b52e567cb8d047150b5a4af597cb9c24afbd2bc231b"},"/Users/esra/projects/programming/bobaserver/server/pool.ts":{"path":"/Users/esra/projects/programming/bobaserver/server/pool.ts","statementMap":{"0":{"start":{"line":2,"column":22},"end":{"line":4,"column":1}},"1":{"start":{"line":3,"column":4},"end":{"line":3,"column":62}},"2":{"start":{"line":5,"column":0},"end":{"line":5,"column":62}},"3":{"start":{"line":6,"column":16},"end":{"line":6,"column":49}},"4":{"start":{"line":7,"column":21},"end":{"line":7,"column":59}},"5":{"start":{"line":8,"column":14},"end":{"line":8,"column":54}},"6":{"start":{"line":9,"column":12},"end":{"line":9,"column":50}},"7":{"start":{"line":10,"column":13},"end":{"line":10,"column":52}},"8":{"start":{"line":12,"column":0},"end":{"line":12,"column":35}},"9":{"start":{"line":13,"column":0},"end":{"line":26,"column":1}},"10":{"start":{"line":14,"column":4},"end":{"line":14,"column":76}},"11":{"start":{"line":15,"column":4},"end":{"line":20,"column":6}},"12":{"start":{"line":23,"column":4},"end":{"line":23,"column":82}},"13":{"start":{"line":24,"column":25},"end":{"line":24,"column":165}},"14":{"start":{"line":25,"column":4},"end":{"line":25,"column":56}},"15":{"start":{"line":27,"column":14},"end":{"line":37,"column":2}},"16":{"start":{"line":29,"column":8},"end":{"line":29,"column":72}},"17":{"start":{"line":32,"column":8},"end":{"line":32,"column":46}},"18":{"start":{"line":35,"column":8},"end":{"line":35,"column":43}},"19":{"start":{"line":38,"column":13},"end":{"line":38,"column":34}},"20":{"start":{"line":39,"column":0},"end":{"line":39,"column":23}}},"fnMap":{"0":{"name":"(anonymous_0)","decl":{"start":{"line":2,"column":56},"end":{"line":2,"column":57}},"loc":{"start":{"line":2,"column":71},"end":{"line":4,"column":1}},"line":2},"1":{"name":"(anonymous_1)","decl":{"start":{"line":28,"column":13},"end":{"line":28,"column":14}},"loc":{"start":{"line":28,"column":19},"end":{"line":30,"column":5}},"line":28},"2":{"name":"(anonymous_2)","decl":{"start":{"line":31,"column":11},"end":{"line":31,"column":12}},"loc":{"start":{"line":31,"column":18},"end":{"line":33,"column":5}},"line":31},"3":{"name":"(anonymous_3)","decl":{"start":{"line":34,"column":11},"end":{"line":34,"column":12}},"loc":{"start":{"line":34,"column":18},"end":{"line":36,"column":5}},"line":34}},"branchMap":{"0":{"loc":{"start":{"line":2,"column":22},"end":{"line":4,"column":1}},"type":"binary-expr","locations":[{"start":{"line":2,"column":23},"end":{"line":2,"column":27}},{"start":{"line":2,"column":31},"end":{"line":2,"column":51}},{"start":{"line":2,"column":56},"end":{"line":4,"column":1}}],"line":2},"1":{"loc":{"start":{"line":3,"column":11},"end":{"line":3,"column":61}},"type":"cond-expr","locations":[{"start":{"line":3,"column":37},"end":{"line":3,"column":40}},{"start":{"line":3,"column":43},"end":{"line":3,"column":61}}],"line":3},"2":{"loc":{"start":{"line":3,"column":12},"end":{"line":3,"column":33}},"type":"binary-expr","locations":[{"start":{"line":3,"column":12},"end":{"line":3,"column":15}},{"start":{"line":3,"column":19},"end":{"line":3,"column":33}}],"line":3},"3":{"loc":{"start":{"line":13,"column":0},"end":{"line":26,"column":1}},"type":"if","locations":[{"start":{"line":13,"column":0},"end":{"line":26,"column":1}},{"start":{"line":13,"column":0},"end":{"line":26,"column":1}}],"line":13}},"s":{"0":1,"1":2,"2":1,"3":1,"4":1,"5":1,"6":1,"7":1,"8":1,"9":1,"10":0,"11":0,"12":1,"13":1,"14":1,"15":1,"16":75,"17":1,"18":103,"19":1,"20":1},"f":{"0":2,"1":75,"2":1,"3":103},"b":{"0":[1,1,1],"1":[0,2],"2":[2,2],"3":[0,1]},"inputSourceMap":{"version":3,"file":"/Users/esra/projects/programming/bobaserver/server/pool.ts","sources":["/Users/esra/projects/programming/bobaserver/server/pool.ts"],"names":[],"mappings":";;;;;AAAA,kDAA0B;AAC1B,4DAA6B;AAE7B,MAAM,KAAK,GAAG,eAAK,CAAC,uBAAuB,CAAC,CAAC;AAC7C,MAAM,GAAG,GAAG,eAAK,CAAC,qBAAqB,CAAC,CAAC;AACzC,MAAM,IAAI,GAAG,eAAK,CAAC,sBAAsB,CAAC,CAAC;AAE3C,IAAI,cAAc,CAAC;AACnB,GAAG,CAAC,6BAA6B,CAAC,CAAC;AACnC,IAAI,OAAO,CAAC,GAAG,CAAC,QAAQ,IAAI,YAAY,EAAE;IACxC,GAAG,CAAC,uCAAuC,OAAO,CAAC,GAAG,CAAC,aAAa,EAAE,CAAC,CAAC;IACxE,cAAc,GAAG;QACf,IAAI,EAAE,OAAO,CAAC,GAAG,CAAC,aAAa;QAC/B,IAAI,EAAE,OAAO,CAAC,GAAG,CAAC,aAAa;QAC/B,QAAQ,EAAE,OAAO,CAAC,GAAG,CAAC,iBAAiB;QACvC,QAAQ,EAAE,OAAO,CAAC,GAAG,CAAC,WAAW;KAClC,CAAC;CACH;KAAM;IACL,GAAG,CAAC,6CAA6C,OAAO,CAAC,GAAG,CAAC,aAAa,EAAE,CAAC,CAAC;IAC9E,MAAM,YAAY,GAAG,cAAc,OAAO,CAAC,GAAG,CAAC,aAAa,IAAI,OAAO,CAAC,GAAG,CAAC,iBAAiB,cAAc,OAAO,CAAC,GAAG,CAAC,aAAa,IAAI,OAAO,CAAC,GAAG,CAAC,WAAW,EAAE,CAAC;IAClK,cAAc,GAAG,EAAE,gBAAgB,EAAE,YAAY,EAAE,CAAC;CACrD;AACD,MAAM,KAAK,GAAG,oBAAG,CAAC;IAChB,OAAO,EAAE,GAAG,EAAE;QACZ,GAAG,CAAC,+BAA+B,OAAO,CAAC,GAAG,CAAC,aAAa,EAAE,CAAC,CAAC;IAClE,CAAC;IACD,KAAK,EAAE,CAAC,CAAC,EAAE,EAAE;QACX,KAAK,CAAC,2BAA2B,EAAE,CAAC,CAAC,CAAC;IACxC,CAAC;IACD,KAAK,EAAE,CAAC,CAAC,EAAE,EAAE;QACX,IAAI,CAAC,mBAAmB,EAAE,CAAC,CAAC,KAAK,CAAC,CAAC;IACrC,CAAC;CACF,CAAC,CAAC;AACH,MAAM,IAAI,GAAG,KAAK,CAAC,cAAc,CAAC,CAAC;AAEnC,kBAAe,IAAI,CAAC","sourcesContent":["import debug from \"debug\";\nimport pgp from \"pg-promise\";\n\nconst error = debug(\"bobaserver:pool-error\");\nconst log = debug(\"bobaserver:pool-log\");\nconst info = debug(\"bobaserver:pool-info\");\n\nlet databaseConfig;\nlog(`Attempting db connection...`);\nif (process.env.NODE_ENV == \"production\") {\n  log(`Connecting to remote database host: ${process.env.POSTGRES_HOST}`);\n  databaseConfig = {\n    host: process.env.POSTGRES_HOST,\n    user: process.env.POSTGRES_USER,\n    password: process.env.POSTGRES_PASSWORD,\n    database: process.env.POSTGRES_DB,\n  };\n} else {\n  log(`Attempting connection to local db on port ${process.env.POSTGRES_PORT}`);\n  const DATABASE_URL = `postgres://${process.env.POSTGRES_USER}:${process.env.POSTGRES_PASSWORD}@127.0.0.1:${process.env.POSTGRES_PORT}/${process.env.POSTGRES_DB}`;\n  databaseConfig = { connectionString: DATABASE_URL };\n}\nconst pgLib = pgp({\n  connect: () => {\n    log(`connected to the db on port ${process.env.POSTGRES_PORT}`);\n  },\n  error: (e) => {\n    error(`error occurred on the db `, e);\n  },\n  query: (q) => {\n    info(\"executing query: \", q.query);\n  },\n});\nconst pool = pgLib(databaseConfig);\n\nexport default pool;\n"]},"_coverageSchema":"1a1c01bbd47fc00a2c39e90264f33305004495a9","hash":"0305e12220b44dccee5fd544e3373a5b1ebd3b4b","contentHash":"585666d185757dddac88a43c07e26ff5b16e816f00e6d544c7c599962a630351"},"/Users/esra/projects/programming/bobaserver/server/boards/sql/index.ts":{"path":"/Users/esra/projects/programming/bobaserver/server/boards/sql/index.ts","statementMap":{"0":{"start":{"line":2,"column":22},"end":{"line":8,"column":3}},"1":{"start":{"line":3,"column":4},"end":{"line":3,"column":33}},"2":{"start":{"line":3,"column":26},"end":{"line":3,"column":33}},"3":{"start":{"line":4,"column":4},"end":{"line":4,"column":89}},"4":{"start":{"line":4,"column":71},"end":{"line":4,"column":83}},"5":{"start":{"line":6,"column":4},"end":{"line":6,"column":33}},"6":{"start":{"line":6,"column":26},"end":{"line":6,"column":33}},"7":{"start":{"line":7,"column":4},"end":{"line":7,"column":17}},"8":{"start":{"line":9,"column":25},"end":{"line":13,"column":2}},"9":{"start":{"line":10,"column":4},"end":{"line":10,"column":72}},"10":{"start":{"line":12,"column":4},"end":{"line":12,"column":21}},"11":{"start":{"line":14,"column":19},"end":{"line":20,"column":1}},"12":{"start":{"line":15,"column":4},"end":{"line":15,"column":42}},"13":{"start":{"line":15,"column":31},"end":{"line":15,"column":42}},"14":{"start":{"line":16,"column":17},"end":{"line":16,"column":19}},"15":{"start":{"line":17,"column":4},"end":{"line":17,"column":131}},"16":{"start":{"line":17,"column":21},"end":{"line":17,"column":131}},"17":{"start":{"line":17,"column":40},"end":{"line":17,"column":131}},"18":{"start":{"line":17,"column":99},"end":{"line":17,"column":131}},"19":{"start":{"line":18,"column":4},"end":{"line":18,"column":36}},"20":{"start":{"line":19,"column":4},"end":{"line":19,"column":18}},"21":{"start":{"line":21,"column":22},"end":{"line":23,"column":1}},"22":{"start":{"line":22,"column":4},"end":{"line":22,"column":62}},"23":{"start":{"line":24,"column":0},"end":{"line":24,"column":62}},"24":{"start":{"line":25,"column":21},"end":{"line":25,"column":56}},"25":{"start":{"line":26,"column":15},"end":{"line":26,"column":47}},"26":{"start":{"line":27,"column":23},"end":{"line":34,"column":108}},"27":{"start":{"line":35,"column":32},"end":{"line":42,"column":128}},"28":{"start":{"line":43,"column":22},"end":{"line":47,"column":82}},"29":{"start":{"line":48,"column":22},"end":{"line":60,"column":1}},"30":{"start":{"line":61,"column":22},"end":{"line":72,"column":1}},"31":{"start":{"line":73,"column":19},"end":{"line":73,"column":41}},"32":{"start":{"line":74,"column":48},"end":{"line":88,"column":1}},"33":{"start":{"line":75,"column":32},"end":{"line":80,"column":30}},"34":{"start":{"line":81,"column":4},"end":{"line":87,"column":9}},"35":{"start":{"line":81,"column":67},"end":{"line":87,"column":5}},"36":{"start":{"line":89,"column":24},"end":{"line":93,"column":46}},"37":{"start":{"line":94,"column":26},"end":{"line":98,"column":77}},"38":{"start":{"line":99,"column":23},"end":{"line":103,"column":46}},"39":{"start":{"line":104,"column":25},"end":{"line":108,"column":77}},"40":{"start":{"line":109,"column":35},"end":{"line":118,"column":122}},"41":{"start":{"line":119,"column":28},"end":{"line":123,"column":32}},"42":{"start":{"line":124,"column":0},"end":{"line":140,"column":2}}},"fnMap":{"0":{"name":"(anonymous_0)","decl":{"start":{"line":2,"column":74},"end":{"line":2,"column":75}},"loc":{"start":{"line":2,"column":96},"end":{"line":5,"column":1}},"line":2},"1":{"name":"(anonymous_1)","decl":{"start":{"line":4,"column":58},"end":{"line":4,"column":59}},"loc":{"start":{"line":4,"column":69},"end":{"line":4,"column":85}},"line":4},"2":{"name":"(anonymous_2)","decl":{"start":{"line":5,"column":6},"end":{"line":5,"column":7}},"loc":{"start":{"line":5,"column":28},"end":{"line":8,"column":1}},"line":5},"3":{"name":"(anonymous_3)","decl":{"start":{"line":9,"column":80},"end":{"line":9,"column":81}},"loc":{"start":{"line":9,"column":95},"end":{"line":11,"column":1}},"line":9},"4":{"name":"(anonymous_4)","decl":{"start":{"line":11,"column":5},"end":{"line":11,"column":6}},"loc":{"start":{"line":11,"column":20},"end":{"line":13,"column":1}},"line":11},"5":{"name":"(anonymous_5)","decl":{"start":{"line":14,"column":50},"end":{"line":14,"column":51}},"loc":{"start":{"line":14,"column":65},"end":{"line":20,"column":1}},"line":14},"6":{"name":"(anonymous_6)","decl":{"start":{"line":21,"column":56},"end":{"line":21,"column":57}},"loc":{"start":{"line":21,"column":71},"end":{"line":23,"column":1}},"line":21},"7":{"name":"(anonymous_7)","decl":{"start":{"line":74,"column":48},"end":{"line":74,"column":49}},"loc":{"start":{"line":74,"column":75},"end":{"line":88,"column":1}},"line":74},"8":{"name":"(anonymous_8)","decl":{"start":{"line":81,"column":52},"end":{"line":81,"column":53}},"loc":{"start":{"line":81,"column":67},"end":{"line":87,"column":5}},"line":81}},"branchMap":{"0":{"loc":{"start":{"line":2,"column":22},"end":{"line":8,"column":3}},"type":"binary-expr","locations":[{"start":{"line":2,"column":23},"end":{"line":2,"column":27}},{"start":{"line":2,"column":31},"end":{"line":2,"column":51}},{"start":{"line":2,"column":57},"end":{"line":8,"column":2}}],"line":2},"1":{"loc":{"start":{"line":2,"column":57},"end":{"line":8,"column":2}},"type":"cond-expr","locations":[{"start":{"line":2,"column":74},"end":{"line":5,"column":1}},{"start":{"line":5,"column":6},"end":{"line":8,"column":1}}],"line":2},"2":{"loc":{"start":{"line":3,"column":4},"end":{"line":3,"column":33}},"type":"if","locations":[{"start":{"line":3,"column":4},"end":{"line":3,"column":33}},{"start":{"line":3,"column":4},"end":{"line":3,"column":33}}],"line":3},"3":{"loc":{"start":{"line":6,"column":4},"end":{"line":6,"column":33}},"type":"if","locations":[{"start":{"line":6,"column":4},"end":{"line":6,"column":33}},{"start":{"line":6,"column":4},"end":{"line":6,"column":33}}],"line":6},"4":{"loc":{"start":{"line":9,"column":25},"end":{"line":13,"column":2}},"type":"binary-expr","locations":[{"start":{"line":9,"column":26},"end":{"line":9,"column":30}},{"start":{"line":9,"column":34},"end":{"line":9,"column":57}},{"start":{"line":9,"column":63},"end":{"line":13,"column":1}}],"line":9},"5":{"loc":{"start":{"line":9,"column":63},"end":{"line":13,"column":1}},"type":"cond-expr","locations":[{"start":{"line":9,"column":80},"end":{"line":11,"column":1}},{"start":{"line":11,"column":5},"end":{"line":13,"column":1}}],"line":9},"6":{"loc":{"start":{"line":14,"column":19},"end":{"line":20,"column":1}},"type":"binary-expr","locations":[{"start":{"line":14,"column":20},"end":{"line":14,"column":24}},{"start":{"line":14,"column":28},"end":{"line":14,"column":45}},{"start":{"line":14,"column":50},"end":{"line":20,"column":1}}],"line":14},"7":{"loc":{"start":{"line":15,"column":4},"end":{"line":15,"column":42}},"type":"if","locations":[{"start":{"line":15,"column":4},"end":{"line":15,"column":42}},{"start":{"line":15,"column":4},"end":{"line":15,"column":42}}],"line":15},"8":{"loc":{"start":{"line":15,"column":8},"end":{"line":15,"column":29}},"type":"binary-expr","locations":[{"start":{"line":15,"column":8},"end":{"line":15,"column":11}},{"start":{"line":15,"column":15},"end":{"line":15,"column":29}}],"line":15},"9":{"loc":{"start":{"line":17,"column":4},"end":{"line":17,"column":131}},"type":"if","locations":[{"start":{"line":17,"column":4},"end":{"line":17,"column":131}},{"start":{"line":17,"column":4},"end":{"line":17,"column":131}}],"line":17},"10":{"loc":{"start":{"line":17,"column":40},"end":{"line":17,"column":131}},"type":"if","locations":[{"start":{"line":17,"column":40},"end":{"line":17,"column":131}},{"start":{"line":17,"column":40},"end":{"line":17,"column":131}}],"line":17},"11":{"loc":{"start":{"line":17,"column":44},"end":{"line":17,"column":97}},"type":"binary-expr","locations":[{"start":{"line":17,"column":44},"end":{"line":17,"column":59}},{"start":{"line":17,"column":63},"end":{"line":17,"column":97}}],"line":17},"12":{"loc":{"start":{"line":21,"column":22},"end":{"line":23,"column":1}},"type":"binary-expr","locations":[{"start":{"line":21,"column":23},"end":{"line":21,"column":27}},{"start":{"line":21,"column":31},"end":{"line":21,"column":51}},{"start":{"line":21,"column":56},"end":{"line":23,"column":1}}],"line":21},"13":{"loc":{"start":{"line":22,"column":11},"end":{"line":22,"column":61}},"type":"cond-expr","locations":[{"start":{"line":22,"column":37},"end":{"line":22,"column":40}},{"start":{"line":22,"column":43},"end":{"line":22,"column":61}}],"line":22},"14":{"loc":{"start":{"line":22,"column":12},"end":{"line":22,"column":33}},"type":"binary-expr","locations":[{"start":{"line":22,"column":12},"end":{"line":22,"column":15}},{"start":{"line":22,"column":19},"end":{"line":22,"column":33}}],"line":22}},"s":{"0":1,"1":10,"2":10,"3":10,"4":3,"5":0,"6":0,"7":0,"8":1,"9":1,"10":0,"11":1,"12":1,"13":0,"14":1,"15":1,"16":1,"17":10,"18":10,"19":1,"20":1,"21":1,"22":1,"23":1,"24":1,"25":1,"26":1,"27":1,"28":1,"29":1,"30":1,"31":1,"32":1,"33":0,"34":0,"35":0,"36":1,"37":1,"38":1,"39":1,"40":1,"41":1,"42":1},"f":{"0":10,"1":3,"2":0,"3":1,"4":0,"5":1,"6":1,"7":0,"8":0},"b":{"0":[1,1,1],"1":[1,0],"2":[10,0],"3":[0,0],"4":[1,1,1],"5":[1,0],"6":[1,1,1],"7":[0,1],"8":[1,1],"9":[1,0],"10":[10,0],"11":[10,10],"12":[1,1,1],"13":[0,1],"14":[1,1]},"inputSourceMap":{"version":3,"file":"/Users/esra/projects/programming/bobaserver/server/boards/sql/index.ts","sources":["/Users/esra/projects/programming/bobaserver/server/boards/sql/index.ts"],"names":[],"mappings":";;;;;;;;;;;;;;;;;;;;;;;;AAAA,yDAA2C;AAC3C,gDAAwB;AAExB,MAAM,cAAc,GAAG;;;;;;;4GAOqF,CAAC;AAE7G,MAAM,uBAAuB,GAAG;;;;;;;gIAOgG,CAAC;AAEjI,MAAM,aAAa,GAAG;;;;kFAI4D,CAAC;AAEnF,MAAM,aAAa,GAAG;;;;;;;;;;;;CAYrB,CAAC;AAEF,MAAM,aAAa,GAAG;;;;;;;;;;;CAWrB,CAAC;AAEF,MAAM,UAAU,GAAG,oBAAE,EAAE,CAAC;AACxB,MAAM,uCAAuC,GAAG,CAC9C,SAAiB,EACjB,UAAoB,EACpB,EAAE;IACF,MAAM,mBAAmB,GAAG;;;;;8BAKA,CAAC;IAC7B,OAAO,UAAU,CAAC,OAAO,CAAC,MAAM,CAC9B,UAAU,CAAC,GAAG,CAAC,CAAC,QAAQ,EAAE,EAAE,CAAC,CAAC;QAC5B,KAAK,EAAE,mBAAmB;QAC1B,MAAM,EAAE;YACN,UAAU,EAAE,SAAS;YACrB,QAAQ,EAAE,QAAQ,CAAC,WAAW,EAAE;SACjC;KACF,CAAC,CAAC,CACJ,CAAC;AACJ,CAAC,CAAC;AAEF,MAAM,eAAe,GAAG;;;;8CAIsB,CAAC;AAE/C,MAAM,iBAAiB,GAAG;;;;6EAImD,CAAC;AAE9E,MAAM,cAAc,GAAG;;;;8CAIuB,CAAC;AAE/C,MAAM,gBAAgB,GAAG;;;;6EAIoD,CAAC;AAE9E,MAAM,0BAA0B,GAAG;;;;;;;;;0HASuF,CAAC;AAE3H,MAAM,mBAAmB,GAAG;;;;gCAII,CAAC;AAEjC,kBAAe;IACb,YAAY,EAAE,IAAI,sBAAS,CAAC,cAAI,CAAC,IAAI,CAAC,SAAS,EAAE,gBAAgB,CAAC,CAAC;IACnE,sBAAsB,EAAE,IAAI,sBAAS,CACnC,cAAI,CAAC,IAAI,CAAC,SAAS,EAAE,4BAA4B,CAAC,CACnD;IACD,cAAc,EAAE,IAAI,sBAAS,CAAC,cAAI,CAAC,IAAI,CAAC,SAAS,EAAE,mBAAmB,CAAC,CAAC;IACxE,cAAc;IACd,uBAAuB;IACvB,aAAa;IACb,aAAa;IACb,aAAa;IACb,mBAAmB;IACnB,uCAAuC;IACvC,eAAe;IACf,iBAAiB;IACjB,cAAc;IACd,gBAAgB;IAChB,0BAA0B;CAC3B,CAAC","sourcesContent":["import pg, { QueryFile } from \"pg-promise\";\nimport path from \"path\";\n\nconst markBoardVisit = `\n    INSERT INTO user_board_last_visits(user_id, board_id) VALUES (\n        (SELECT id FROM users WHERE users.firebase_id = $/firebase_id/),\n        (SELECT id from boards WHERE boards.slug = $/board_slug/))\n    ON CONFLICT(user_id, board_id) DO UPDATE \n        SET last_visit_time = DEFAULT\n        WHERE user_board_last_visits.user_id = (SELECT id FROM users WHERE users.firebase_id = $/firebase_id/)\n            AND user_board_last_visits.board_id = (SELECT id from boards WHERE boards.slug = $/board_slug/)`;\n\nconst deleteSectionCategories = `\n    DELETE FROM board_description_section_categories bdsc \n    USING board_description_sections bds\n    WHERE  \n        bds.string_id = $/section_id/ AND \n        bds.id = bdsc.section_id AND \n        bds.board_id = (SELECT id from boards WHERE boards.slug = $/board_slug/) AND\n        ($/category_names/ IS NULL OR bdsc.category_id IN (SELECT id FROM categories WHERE category = ANY($/category_names/)));`;\n\nconst deleteSection = `\n    DELETE FROM board_description_sections bds\n    WHERE  \n        bds.string_id = $/section_id/ AND\n        bds.board_id = (SELECT id from boards WHERE boards.slug = $/board_slug/);`;\n\nconst updateSection = `\n    UPDATE board_description_sections bds\n    SET\n        title = $/title/,\n        description = $/description/,\n        index = $/index/\n    FROM boards\n    WHERE\n        boards.id = bds.board_id \n        AND bds.board_id  = (SELECT id from boards WHERE boards.slug = $/board_slug/)\n        AND bds.string_id = $/section_id/\n    RETURNING *;\n`;\n\nconst createSection = `\n    INSERT INTO board_description_sections(string_id, board_id, title, description, index, type)\n    VALUES(\n        $/section_id/,\n        (SELECT id from boards WHERE boards.slug = $/board_slug/),\n        $/title/,\n        $/description/,\n        $/index/,\n        $/type/\n    )\n    RETURNING *;\n`;\n\nconst pgInstance = pg();\nconst createAddCategoriesToFilterSectionQuery = (\n  sectionId: string,\n  categories: string[]\n) => {\n  const insertCategoryQuery = `\n      INSERT INTO board_description_section_categories(section_id, category_id) \n      VALUES(\n        (SELECT id FROM board_description_sections WHERE string_id = $/section_id/),\n        (SELECT id FROM categories WHERE category = $/category/))\n      ON CONFLICT DO NOTHING;`;\n  return pgInstance.helpers.concat(\n    categories.map((category) => ({\n      query: insertCategoryQuery,\n      values: {\n        section_id: sectionId,\n        category: category.toLowerCase(),\n      },\n    }))\n  );\n};\n\nconst muteBoardBySlug = `\n    INSERT INTO user_muted_boards(user_id, board_id) VALUES (\n        (SELECT id FROM users WHERE users.firebase_id = $/firebase_id/),\n        (SELECT id from boards WHERE boards.slug = $/board_slug/))\n    ON CONFLICT(user_id, board_id) DO NOTHING`;\n\nconst unmuteBoardBySlug = `\n    DELETE FROM user_muted_boards WHERE\n        user_id = (SELECT id FROM users WHERE users.firebase_id = $/firebase_id/)\n        AND\n        board_id = (SELECT id from boards WHERE boards.slug = $/board_slug/)`;\n\nconst pinBoardBySlug = `\n    INSERT INTO user_pinned_boards(user_id, board_id) VALUES (\n        (SELECT id FROM users WHERE users.firebase_id = $/firebase_id/),\n        (SELECT id from boards WHERE boards.slug = $/board_slug/))\n    ON CONFLICT(user_id, board_id) DO NOTHING`;\n\nconst unpinBoardBySlug = `\n    DELETE FROM user_pinned_boards WHERE\n        user_id = (SELECT id FROM users WHERE users.firebase_id = $/firebase_id/)\n        AND\n        board_id = (SELECT id from boards WHERE boards.slug = $/board_slug/)`;\n\nconst dismissNotificationsBySlug = `\n    INSERT INTO dismiss_board_notifications_requests(user_id, board_id, dismiss_request_time) VALUES (\n        (SELECT id FROM users WHERE users.firebase_id = $/firebase_id/),\n        (SELECT id from boards WHERE boards.slug = $/board_slug/),\n        DEFAULT)\n    ON CONFLICT(user_id, board_id) DO UPDATE\n        SET dismiss_request_time = DEFAULT\n        WHERE\n            dismiss_board_notifications_requests.user_id = (SELECT id FROM users WHERE users.firebase_id = $/firebase_id/)\n            AND dismiss_board_notifications_requests.board_id = (SELECT id from boards WHERE boards.slug = $/board_slug/)`;\n\nconst updateBoardSettings = `\n    UPDATE boards\n    SET tagline = $/tagline/,\n        settings = $/settings/\n    WHERE boards.slug = $/slug/`;\n\nexport default {\n  getAllBoards: new QueryFile(path.join(__dirname, \"all-boards.sql\")),\n  getBoardActivityBySlug: new QueryFile(\n    path.join(__dirname, \"board-activity-by-slug.sql\")\n  ),\n  getBoardBySlug: new QueryFile(path.join(__dirname, \"board-by-slug.sql\")),\n  markBoardVisit,\n  deleteSectionCategories,\n  deleteSection,\n  updateSection,\n  createSection,\n  updateBoardSettings,\n  createAddCategoriesToFilterSectionQuery,\n  muteBoardBySlug,\n  unmuteBoardBySlug,\n  pinBoardBySlug,\n  unpinBoardBySlug,\n  dismissNotificationsBySlug,\n};\n"]},"_coverageSchema":"1a1c01bbd47fc00a2c39e90264f33305004495a9","hash":"f1cfbcfcd7fb6de8de610205bc378aad15403ac2","contentHash":"2a9a12182c3aeb2f41c0b10a06390c860df7d8410da97d45fedc9e5e79099473"},"/Users/esra/projects/programming/bobaserver/server/posts/sql/index.ts":{"path":"/Users/esra/projects/programming/bobaserver/server/posts/sql/index.ts","statementMap":{"0":{"start":{"line":2,"column":22},"end":{"line":8,"column":3}},"1":{"start":{"line":3,"column":4},"end":{"line":3,"column":33}},"2":{"start":{"line":3,"column":26},"end":{"line":3,"column":33}},"3":{"start":{"line":4,"column":4},"end":{"line":4,"column":89}},"4":{"start":{"line":4,"column":71},"end":{"line":4,"column":83}},"5":{"start":{"line":6,"column":4},"end":{"line":6,"column":33}},"6":{"start":{"line":6,"column":26},"end":{"line":6,"column":33}},"7":{"start":{"line":7,"column":4},"end":{"line":7,"column":17}},"8":{"start":{"line":9,"column":25},"end":{"line":13,"column":2}},"9":{"start":{"line":10,"column":4},"end":{"line":10,"column":72}},"10":{"start":{"line":12,"column":4},"end":{"line":12,"column":21}},"11":{"start":{"line":14,"column":19},"end":{"line":20,"column":1}},"12":{"start":{"line":15,"column":4},"end":{"line":15,"column":42}},"13":{"start":{"line":15,"column":31},"end":{"line":15,"column":42}},"14":{"start":{"line":16,"column":17},"end":{"line":16,"column":19}},"15":{"start":{"line":17,"column":4},"end":{"line":17,"column":131}},"16":{"start":{"line":17,"column":21},"end":{"line":17,"column":131}},"17":{"start":{"line":17,"column":40},"end":{"line":17,"column":131}},"18":{"start":{"line":17,"column":99},"end":{"line":17,"column":131}},"19":{"start":{"line":18,"column":4},"end":{"line":18,"column":36}},"20":{"start":{"line":19,"column":4},"end":{"line":19,"column":18}},"21":{"start":{"line":21,"column":22},"end":{"line":23,"column":1}},"22":{"start":{"line":22,"column":4},"end":{"line":22,"column":62}},"23":{"start":{"line":24,"column":0},"end":{"line":24,"column":62}},"24":{"start":{"line":25,"column":21},"end":{"line":25,"column":56}},"25":{"start":{"line":26,"column":15},"end":{"line":26,"column":47}},"26":{"start":{"line":27,"column":26},"end":{"line":37,"column":12}},"27":{"start":{"line":38,"column":27},"end":{"line":44,"column":12}},"28":{"start":{"line":45,"column":28},"end":{"line":52,"column":18}},"29":{"start":{"line":53,"column":31},"end":{"line":60,"column":18}},"30":{"start":{"line":61,"column":17},"end":{"line":74,"column":5}},"31":{"start":{"line":75,"column":20},"end":{"line":86,"column":90}},"32":{"start":{"line":87,"column":19},"end":{"line":87,"column":41}},"33":{"start":{"line":88,"column":27},"end":{"line":98,"column":1}},"34":{"start":{"line":89,"column":23},"end":{"line":91,"column":6}},"35":{"start":{"line":92,"column":23},"end":{"line":92,"column":70}},"36":{"start":{"line":92,"column":42},"end":{"line":92,"column":68}},"37":{"start":{"line":96,"column":4},"end":{"line":97,"column":53}},"38":{"start":{"line":99,"column":33},"end":{"line":108,"column":1}},"39":{"start":{"line":100,"column":27},"end":{"line":100,"column":146}},"40":{"start":{"line":101,"column":4},"end":{"line":107,"column":9}},"41":{"start":{"line":101,"column":56},"end":{"line":107,"column":5}},"42":{"start":{"line":109,"column":27},"end":{"line":113,"column":1}},"43":{"start":{"line":114,"column":33},"end":{"line":118,"column":1}},"44":{"start":{"line":119,"column":38},"end":{"line":123,"column":1}},"45":{"start":{"line":124,"column":30},"end":{"line":128,"column":1}},"46":{"start":{"line":129,"column":33},"end":{"line":141,"column":1}},"47":{"start":{"line":130,"column":29},"end":{"line":132,"column":6}},"48":{"start":{"line":133,"column":29},"end":{"line":135,"column":7}},"49":{"start":{"line":133,"column":59},"end":{"line":135,"column":5}},"50":{"start":{"line":139,"column":4},"end":{"line":140,"column":58}},"51":{"start":{"line":142,"column":39},"end":{"line":154,"column":1}},"52":{"start":{"line":143,"column":32},"end":{"line":146,"column":27}},"53":{"start":{"line":147,"column":4},"end":{"line":153,"column":9}},"54":{"start":{"line":147,"column":67},"end":{"line":153,"column":5}},"55":{"start":{"line":155,"column":38},"end":{"line":167,"column":1}},"56":{"start":{"line":156,"column":27},"end":{"line":158,"column":6}},"57":{"start":{"line":159,"column":27},"end":{"line":161,"column":7}},"58":{"start":{"line":159,"column":54},"end":{"line":161,"column":5}},"59":{"start":{"line":165,"column":4},"end":{"line":166,"column":57}},"60":{"start":{"line":168,"column":44},"end":{"line":180,"column":1}},"61":{"start":{"line":169,"column":31},"end":{"line":172,"column":26}},"62":{"start":{"line":173,"column":4},"end":{"line":179,"column":9}},"63":{"start":{"line":173,"column":64},"end":{"line":179,"column":5}},"64":{"start":{"line":181,"column":30},"end":{"line":183,"column":1}},"65":{"start":{"line":184,"column":20},"end":{"line":190,"column":1}},"66":{"start":{"line":191,"column":0},"end":{"line":212,"column":2}}},"fnMap":{"0":{"name":"(anonymous_0)","decl":{"start":{"line":2,"column":74},"end":{"line":2,"column":75}},"loc":{"start":{"line":2,"column":96},"end":{"line":5,"column":1}},"line":2},"1":{"name":"(anonymous_1)","decl":{"start":{"line":4,"column":58},"end":{"line":4,"column":59}},"loc":{"start":{"line":4,"column":69},"end":{"line":4,"column":85}},"line":4},"2":{"name":"(anonymous_2)","decl":{"start":{"line":5,"column":6},"end":{"line":5,"column":7}},"loc":{"start":{"line":5,"column":28},"end":{"line":8,"column":1}},"line":5},"3":{"name":"(anonymous_3)","decl":{"start":{"line":9,"column":80},"end":{"line":9,"column":81}},"loc":{"start":{"line":9,"column":95},"end":{"line":11,"column":1}},"line":9},"4":{"name":"(anonymous_4)","decl":{"start":{"line":11,"column":5},"end":{"line":11,"column":6}},"loc":{"start":{"line":11,"column":20},"end":{"line":13,"column":1}},"line":11},"5":{"name":"(anonymous_5)","decl":{"start":{"line":14,"column":50},"end":{"line":14,"column":51}},"loc":{"start":{"line":14,"column":65},"end":{"line":20,"column":1}},"line":14},"6":{"name":"(anonymous_6)","decl":{"start":{"line":21,"column":56},"end":{"line":21,"column":57}},"loc":{"start":{"line":21,"column":71},"end":{"line":23,"column":1}},"line":21},"7":{"name":"(anonymous_7)","decl":{"start":{"line":88,"column":27},"end":{"line":88,"column":28}},"loc":{"start":{"line":88,"column":37},"end":{"line":98,"column":1}},"line":88},"8":{"name":"(anonymous_8)","decl":{"start":{"line":92,"column":32},"end":{"line":92,"column":33}},"loc":{"start":{"line":92,"column":42},"end":{"line":92,"column":68}},"line":92},"9":{"name":"(anonymous_9)","decl":{"start":{"line":99,"column":33},"end":{"line":99,"column":34}},"loc":{"start":{"line":99,"column":51},"end":{"line":108,"column":1}},"line":99},"10":{"name":"(anonymous_10)","decl":{"start":{"line":101,"column":46},"end":{"line":101,"column":47}},"loc":{"start":{"line":101,"column":56},"end":{"line":107,"column":5}},"line":101},"11":{"name":"(anonymous_11)","decl":{"start":{"line":129,"column":33},"end":{"line":129,"column":34}},"loc":{"start":{"line":129,"column":49},"end":{"line":141,"column":1}},"line":129},"12":{"name":"(anonymous_12)","decl":{"start":{"line":133,"column":44},"end":{"line":133,"column":45}},"loc":{"start":{"line":133,"column":59},"end":{"line":135,"column":5}},"line":133},"13":{"name":"(anonymous_13)","decl":{"start":{"line":142,"column":39},"end":{"line":142,"column":40}},"loc":{"start":{"line":142,"column":63},"end":{"line":154,"column":1}},"line":142},"14":{"name":"(anonymous_14)","decl":{"start":{"line":147,"column":52},"end":{"line":147,"column":53}},"loc":{"start":{"line":147,"column":67},"end":{"line":153,"column":5}},"line":147},"15":{"name":"(anonymous_15)","decl":{"start":{"line":155,"column":38},"end":{"line":155,"column":39}},"loc":{"s
[...]
{"start":{"line":145,"column":84},"end":{"line":145,"column":90}}],"line":145},"25":{"loc":{"start":{"line":145,"column":24},"end":{"line":145,"column":72}},"type":"binary-expr","locations":[{"start":{"line":145,"column":24},"end":{"line":145,"column":55}},{"start":{"line":145,"column":59},"end":{"line":145,"column":72}}],"line":145},"26":{"loc":{"start":{"line":146,"column":4},"end":{"line":149,"column":5}},"type":"if","locations":[{"start":{"line":146,"column":4},"end":{"line":149,"column":5}},{"start":{"line":146,"column":4},"end":{"line":149,"column":5}}],"line":146},"27":{"loc":{"start":{"line":155,"column":24},"end":{"line":155,"column":90}},"type":"cond-expr","locations":[{"start":{"line":155,"column":75},"end":{"line":155,"column":81}},{"start":{"line":155,"column":84},"end":{"line":155,"column":90}}],"line":155},"28":{"loc":{"start":{"line":155,"column":24},"end":{"line":155,"column":72}},"type":"binary-expr","locations":[{"start":{"line":155,"column":24},"end":{"line":155,"column":55}},{"start":{"line":155,"column":59},"end":{"line":155,"column":72}}],"line":155},"29":{"loc":{"start":{"line":156,"column":4},"end":{"line":159,"column":5}},"type":"if","locations":[{"start":{"line":156,"column":4},"end":{"line":159,"column":5}},{"start":{"line":156,"column":4},"end":{"line":159,"column":5}}],"line":156},"30":{"loc":{"start":{"line":164,"column":4},"end":{"line":168,"column":5}},"type":"if","locations":[{"start":{"line":164,"column":4},"end":{"line":168,"column":5}},{"start":{"line":164,"column":4},"end":{"line":168,"column":5}}],"line":164},"31":{"loc":{"start":{"line":175,"column":24},"end":{"line":175,"column":90}},"type":"cond-expr","locations":[{"start":{"line":175,"column":75},"end":{"line":175,"column":81}},{"start":{"line":175,"column":84},"end":{"line":175,"column":90}}],"line":175},"32":{"loc":{"start":{"line":175,"column":24},"end":{"line":175,"column":72}},"type":"binary-expr","locations":[{"start":{"line":175,"column":24},"end":{"line":175,"column":55}},{"start":{"line":175,"column":59},"end":{"line":175,"column":72}}],"line":175},"33":{"loc":{"start":{"line":176,"column":4},"end":{"line":179,"column":5}},"type":"if","locations":[{"start":{"line":176,"column":4},"end":{"line":179,"column":5}},{"start":{"line":176,"column":4},"end":{"line":179,"column":5}}],"line":176},"34":{"loc":{"start":{"line":182,"column":16},"end":{"line":182,"column":30}},"type":"binary-expr","locations":[{"start":{"line":182,"column":16},"end":{"line":182,"column":22}},{"start":{"line":182,"column":26},"end":{"line":182,"column":30}}],"line":182},"35":{"loc":{"start":{"line":186,"column":4},"end":{"line":189,"column":5}},"type":"if","locations":[{"start":{"line":186,"column":4},"end":{"line":189,"column":5}},{"start":{"line":186,"column":4},"end":{"line":189,"column":5}}],"line":186},"36":{"loc":{"start":{"line":190,"column":4},"end":{"line":193,"column":5}},"type":"if","locations":[{"start":{"line":190,"column":4},"end":{"line":193,"column":5}},{"start":{"line":190,"column":4},"end":{"line":193,"column":5}}],"line":190}},"s":{"0":1,"1":5,"2":2,"3":4,"4":5,"5":5,"6":0,"7":0,"8":0,"9":0,"10":9,"11":4,"12":1,"13":3,"14":1,"15":1,"16":1,"17":1,"18":1,"19":1,"20":1,"21":1,"22":1,"23":1,"24":1,"25":1,"26":1,"27":4,"28":4,"29":4,"30":1,"31":1,"32":3,"33":3,"34":1,"35":1,"36":2,"37":2,"38":2,"39":2,"40":2,"41":2,"42":1,"43":0,"44":0,"45":0,"46":0,"47":0,"48":0,"49":0,"50":0,"51":0,"52":0,"53":0,"54":0,"55":0,"56":0,"57":0,"58":0,"59":0,"60":1,"61":0,"62":0,"63":0,"64":0,"65":0,"66":0,"67":0,"68":0,"69":0,"70":0,"71":0,"72":0,"73":0,"74":0,"75":0,"76":0,"77":0,"78":0,"79":0,"80":0,"81":0,"82":0,"83":0,"84":0,"85":0,"86":0,"87":0,"88":1,"89":0,"90":0,"91":0,"92":0,"93":0,"94":0,"95":0,"96":1,"97":0,"98":0,"99":0,"100":0,"101":0,"102":0,"103":0,"104":0,"105":0,"106":0,"107":0,"108":0,"109":0,"110":1,"111":0,"112":0,"113":0,"114":0,"115":0,"116":0,"117":0,"118":0,"119":0,"120":0,"121":0,"122":0,"123":0,"124":0,"125":0,"126":0,"127":0,"128":0,"129":0,"130":0,"131":1},"f":{"0":4,"1":5,"2":2,"3":4,"4":5,"5":0,"6":9,"7":3,"8":4,"9":4,"10":0,"11":0,"12":0,"13":0,"14":0,"15":0,"16":0,"17":0,"18":0,"19":0,"20":0,"21":0,"22":0,"23":0,"24":0},"b":{"0":[1,1,1],"1":[3,2],"2":[4,4],"3":[4,5],"4":[4,4],"5":[1,1,1],"6":[1,2],"7":[3,3],"8":[1,3],"9":[4,4],"10":[1,3],"11":[1,2],"12":[0,0],"13":[0,0],"14":[0,0],"15":[0,0],"16":[0,0],"17":[0,0],"18":[0,0],"19":[0,0],"20":[0,0],"21":[0,0],"22":[0,0],"23":[0,0],"24":[0,0],"25":[0,0],"26":[0,0],"27":[0,0],"28":[0,0],"29":[0,0],"30":[0,0],"31":[0,0],"32":[0,0],"33":[0,0],"34":[0,0],"35":[0,0],"36":[0,0]},"inputSourceMap":{"version":3,"file":"/Users/esra/projects/programming/bobaserver/server/users/routes.ts","sources":["/Users/esra/projects/programming/bobaserver/server/users/routes.ts"],"names":[],"mappings":";;;;;;;;;;;;;;AAAA,kDAA0B;AAC1B,sDAA8B;AAC9B,uCASmB;AACnB,kDAA6C;AAC7C,sDAI2B;AAC3B,oEAA0C;AAE1C,oCAA4C;AAE5C,MAAM,IAAI,GAAG,eAAK,CAAC,8BAA8B,CAAC,CAAC;AACnD,MAAM,GAAG,GAAG,eAAK,CAAC,6BAA6B,CAAC,CAAC;AACjD,MAAM,KAAK,GAAG,eAAK,CAAC,+BAA+B,CAAC,CAAC;AAErD,MAAM,MAAM,GAAG,iBAAO,CAAC,MAAM,EAAE,CAAC;AAEhC,MAAM,CAAC,GAAG,CAAC,KAAK,EAAE,yBAAU,EAAE,CAAO,GAAG,EAAE,GAAG,EAAE,EAAE;;IAC/C,IAAI,aAAa,SAAW,GAAG,CAAC,WAAW,0CAAE,GAAG,CAAC;IACjD,IAAI,CAAC,aAAa,EAAE;QAClB,GAAG,CAAC,UAAU,CAAC,GAAG,CAAC,CAAC;QACpB,OAAO;KACR;IAED,MAAM,UAAU,GAAG,MAAM,aAAK,EAAE,CAAC,IAAI,CAAC,iBAAS,CAAC,IAAI,EAAE,aAAa,CAAC,CAAC;IACrE,IAAI,UAAU,EAAE;QACd,GAAG,CAAC,kCAAkC,aAAa,EAAE,CAAC,CAAC;QACvD,OAAO,GAAG,CAAC,MAAM,CAAC,GAAG,CAAC,CAAC,IAAI,CAAC,IAAI,CAAC,KAAK,CAAC,UAAU,CAAC,CAAC,CAAC;KACrD;IAED,GAAG,CAAC,uCAAuC,aAAa,EAAE,CAAC,CAAC;IAC5D,MAAM,QAAQ,GAAG,mCAAkB,CACjC,MAAM,+BAAqB,CAAC;QAC1B,UAAU,EAAE,aAAa;KAC1B,CAAC,CACH,CAAC;IACF,IAAI,CAAC,oBAAoB,EAAE,QAAQ,CAAC,CAAC;IAErC,MAAM,gBAAgB,GAAG;QACvB,QAAQ,EAAE,QAAQ,CAAC,QAAQ;QAC3B,SAAS,EAAE,QAAQ,CAAC,SAAS;KAC9B,CAAC;IACF,GAAG,CAAC,MAAM,CAAC,GAAG,CAAC,CAAC,IAAI,CAAC,gBAAgB,CAAC,CAAC;IACvC,aAAK,EAAE,CAAC,IAAI,CAAC,iBAAS,CAAC,IAAI,EAAE,aAAa,EAAE,IAAI,CAAC,SAAS,CAAC,gBAAgB,CAAC,CAAC,CAAC;AAChF,CAAC,CAAA,CAAC,CAAC;AAEH,MAAM,CAAC,IAAI,CAAC,YAAY,EAAE,yBAAU,EAAE,CAAO,GAAG,EAAE,GAAG,EAAE,EAAE;;IACvD,IAAI,aAAa,SAAW,GAAG,CAAC,WAAW,0CAAE,GAAG,CAAC;IACjD,IAAI,CAAC,aAAa,EAAE;QAClB,GAAG,CAAC,UAAU,CAAC,GAAG,CAAC,CAAC;QACpB,OAAO;KACR;IACD,MAAM,EAAE,QAAQ,EAAE,SAAS,EAAE,GAAG,GAAG,CAAC,IAAI,CAAC;IAEzC,IAAI,CAAC,QAAQ,IAAI,CAAC,SAAS,EAAE;QAC3B,GAAG,CAAC,UAAU,CAAC,GAAG,CAAC,CAAC;QACpB,OAAO;KACR;IACD,GAAG,CAAC,uCAAuC,aAAa,EAAE,CAAC,CAAC;IAE5D,MAAM,QAAQ,GAAG,MAAM,wBAAc,CAAC;QACpC,UAAU,EAAE,aAAa;QACzB,QAAQ;QACR,SAAS;KACV,CAAC,CAAC;IACH,IAAI,CAAC,sBAAsB,EAAE,QAAQ,CAAC,CAAC;IAEvC,IAAI,CAAC,QAAQ,EAAE;QACb,GAAG,CAAC,UAAU,CAAC,GAAG,CAAC,CAAC;QACpB,OAAO;KACR;IAED,MAAM,aAAK,EAAE,CAAC,IAAI,CAAC,iBAAS,CAAC,IAAI,EAAE,aAAa,CAAC,CAAC;IAClD,GAAG,CAAC,MAAM,CAAC,GAAG,CAAC,CAAC,IAAI,CAAC;QACnB,QAAQ,EAAE,QAAQ,CAAC,QAAQ;QAC3B,SAAS,EAAE,QAAQ,CAAC,SAAS;KAC9B,CAAC,CAAC;AACL,CAAC,CAAA,CAAC,CAAC;AAEH,MAAM,CAAC,IAAI,CAAC,gBAAgB,EAAE,CAAO,GAAG,EAAE,GAAG,EAAE,EAAE;IAC/C,MAAM,EAAE,KAAK,EAAE,QAAQ,EAAE,KAAK,EAAE,GAAG,GAAG,CAAC,IAAI,CAAC;IAE5C,MAAM,aAAa,GAAG,MAAM,0BAAgB,CAAC,EAAE,KAAK,EAAE,CAAC,CAAC;IAExD,IAAI,CAAC,aAAa,EAAE;QAClB,GAAG,CAAC,MAAM,CAAC,GAAG,CAAC,CAAC,IAAI,CAAC;YACnB,SAAS,EAAE,EAAE;YACb,OAAO,EAAE,mBAAmB;SAC7B,CAAC,CAAC;QACH,OAAO;KACR;IAED,IAAI,aAAa,CAAC,OAAO,IAAI,aAAa,CAAC,IAAI,EAAE;QAC/C,GAAG,CAAC,MAAM,CAAC,GAAG,CAAC,CAAC,IAAI,CAAC;YACnB,SAAS,EAAE,EAAE;YACb,OAAO,EAAE,iCAAiC;SAC3C,CAAC,CAAC;QACH,OAAO;KACR;IAED,IAAI,aAAa,CAAC,KAAK,CAAC,WAAW,EAAE,IAAK,KAAgB,CAAC,WAAW,EAAE,EAAE;QACxE,GAAG,CAAC,MAAM,CAAC,GAAG,CAAC,CAAC,IAAI,CAAC;YACnB,SAAS,EAAE,EAAE;YACb,OAAO,EAAE,6BAA6B;SACvC,CAAC,CAAC;QACH,OAAO;KACR;IACD,wBAAY;SACT,IAAI,EAAE;SACN,UAAU,CAAC;QACV,KAAK;QACL,QAAQ;KACT,CAAC;SACD,IAAI,CAAC,CAAO,IAAI,EAAE,EAAE;QACnB,MAAM,GAAG,GAAG,IAAI,CAAC,GAAG,CAAC;QACrB,GAAG,CAAC,sCAAsC,GAAG,EAAE,CAAC,CAAC;QACjD,+DAA+D;QAC/D,MAAM,OAAO,GAAG,MAAM,wBAAc,CAAC,EAAE,KAAK,EAAE,CAAC,CAAC;QAChD,IAAI,CAAC,OAAO,EAAE;YACZ,GAAG,CAAC,MAAM,CAAC,GAAG,CAAC,CAAC,IAAI,CAAC;gBACnB,SAAS,EAAE,EAAE;gBACb,OAAO,EAAE,iDAAiD;aAC3D,CAAC,CAAC;YACH,OAAO;SACR;QACD,MAAM,OAAO,GAAG,MAAM,uBAAa,CAAC;YAClC,UAAU,EAAE,GAAG;YACf,SAAS,EAAE,aAAa,CAAC,OAAO;YAChC,SAAS,EAAE,IAAI,CAAC,QAAQ,CAAC,YAAY;SACtC,CAAC,CAAC;QACH,IAAI,CAAC,OAAO,EAAE;YACZ,GAAG,CAAC,MAAM,CAAC,GAAG,CAAC,CAAC,IAAI,CAAC;gBACnB,SAAS,EAAE,EAAE;gBACb,OAAO,EAAE,+CAA+C;aACzD,CAAC,CAAC;YACH,OAAO;SACR;QACD,GAAG,CAAC,UAAU,CAAC,GAAG,CAAC,CAAC;IACtB,CAAC,CAAA,CAAC;SACD,KAAK,CAAC,CAAC,KAAK,EAAE,EAAE;QACf,GAAG,CAAC,KAAK,CAAC,CAAC;QACX,GAAG,CAAC,MAAM,CAAC,GAAG,CAAC,CAAC,IAAI,CAAC;YACnB,SAAS,EAAE,KAAK,CAAC,IAAI;YACrB,OAAO,EAAE,KAAK,CAAC,OAAO;SACvB,CAAC,CAAC;IACL,CAAC,CAAC,CAAC;AACP,CAAC,CAAA,CAAC,CAAC;AAEH,MAAM,CAAC,GAAG,CAAC,aAAa,EAAE,yBAAU,EAAE,CAAO,GAAG,EAAE,GAAG,EAAE,EAAE;;IACvD,IAAI,aAAa,SAAW,GAAG,CAAC,WAAW,0CAAE,GAAG,CAAC;IACjD,IAAI,CAAC,aAAa,EAAE;QAClB,GAAG,CAAC,UAAU,CAAC,GAAG,CAAC,CAAC;QACpB,OAAO;KACR;IACD,MAAM,UAAU,GAAG,MAAM,8BAAoB,CAAC,EAAE,UAAU,EAAE,aAAa,EAAE,CAAC,CAAC;IAC7E,GAAG,CAAC,MAAM,CAAC,GAAG,CAAC,CAAC,IAAI,CAAC,UAAU,CAAC,CAAC;AACnC,CAAC,CAAA,CAAC,CAAC;AAEH,MAAM,CAAC,IAAI,CAAC,wBAAwB,EAAE,yBAAU,EAAE,CAAO,GAAG,EAAE,GAAG,EAAE,EAAE;;IACnE,IAAI,aAAa,SAAW,GAAG,CAAC,WAAW,0CAAE,GAAG,CAAC;IACjD,IAAI,CAAC,aAAa,EAAE;QAClB,GAAG,CAAC,UAAU,CAAC,GAAG,CAAC,CAAC;QACpB,OAAO;KACR;IACD,GAAG,CAAC,6CAA6C,aAAa,EAAE,CAAC,CAAC;IAClE,MAAM,iBAAiB,GAAG,MAAM,iCAAuB,CAAC;QACtD,UAAU,EAAE,aAAa;KAC1B,CAAC,CAAC;IAEH,IAAI,CAAC,iBAAiB,EAAE;QACtB,KAAK,CAAC,gBAAgB,CAAC,CAAC;QACxB,OAAO,GAAG,CAAC,UAAU,CAAC,GAAG,CAAC,CAAC;QAC3B,OAAO;KACR;IAED,IAAI,CAAC,oBAAoB,CAAC,CAAC;IAE3B,GAAG,CAAC,UAAU,CAAC,GAAG,CAAC,CAAC;AACtB,CAAC,CAAA,CAAC,CAAC;AAEH,MAAM,CAAC,GAAG,CAAC,UAAU,EAAE,yBAAU,EAAE,CAAO,GAAG,EAAE,GAAG,EAAE,EAAE;;IACpD,MAAM,EAAE,MAAM,EAAE,WAAW,EAAE,OAAO,EAAE,GAAG,GAAG,CAAC,KAAK,CAAC;IACnD,IAAI,aAAa,SAAW,GAAG,CAAC,WAAW,0CAAE,GAAG,CAAC;IACjD,IAAI,CAAC,aAAa,EAAE;QAClB,GAAG,CAAC,UAAU,CAAC,GAAG,CAAC,CAAC;QACpB,OAAO;KACR;IACD,MAAM,YAAY,GAAG,MAAM,yBAAe,CAAC;QACzC,UAAU,EAAE,aAAa;QACzB,MAAM,EAAG,MAAiB,IAAI,IAAI;QAClC,WAAW,EAAE,WAAW,KAAK,MAAM;QACnC,OAAO,EAAE,OAAO,KAAK,MAAM;KAC5B,CAAC,CAAC;IAEH,IAAI,CAAC,YAAY,EAAE;QACjB,GAAG,CAAC,UAAU,CAAC,GAAG,CAAC,CAAC;QACpB,OAAO;KACR;IACD,IAAI,CAAC,YAAY,CAAC,QAAQ,CAAC,MAAM,EAAE;QACjC,GAAG,CAAC,UAAU,CAAC,GAAG,CAAC,CAAC;QACpB,OAAO;KACR;IAED,MAAM,mBAAmB,GAAG,YAAY,CAAC,QAAQ,CAAC,GAAG,CACnD,CAAC,MAAM,EAAoB,EAAE;QAC3B,MAAM,kBAAkB,GAAG,oCAAmB,CAC5C,MAAM,CACP,CAAC;QACF,OAAO;YACL,KAAK,EAAE;gBACL;oBACE,OAAO,EAAE,kBAAkB,CAAC,OAAO;oBACnC,gBAAgB,EAAE,kBAAkB,CAAC,SAAS;oBAC9C,cAAc,EAAE,kBAAkB,CAAC,cAAc;oBACjD,eAAe,EAAE,kBAAkB,CAAC,eAAe;oBACnD,aAAa,EAAE,kBAAkB,CAAC,aAAa;oBAC/C,gBAAgB,EAAE,kBAAkB,CAAC,gBAAgB;oBACrD,IAAI,EAAE,kBAAkB,CAAC,IAAI;oBAC7B,MAAM,EAAE,kBAAkB,CAAC,MAAM;oBACjC,OAAO,EAAE,kBAAkB,CAAC,OAAO;oBACnC,OAAO,EAAE,kBAAkB,CAAC,OAAO;oBACnC,OAAO,EAAE,kBAAkB,CAAC,OAAO;oBACnC,IAAI,EAAE;wBACJ,YAAY,EAAE,kBAAkB,CAAC,YAAY;wBAC7C,UAAU,EAAE,kBAAkB,CAAC,UAAU;wBACzC,aAAa,EAAE,kBAAkB,CAAC,aAAa;wBAC/C,gBAAgB,EAAE,kBAAkB,CAAC,gBAAgB;qBACtD;oBACD,qBAAqB,EAAE,kBAAkB,CAAC,eAAe;oBACzD,mBAAmB,EAAE,kBAAkB,CAAC,mBAAmB;oBAC3D,MAAM,EAAE,kBAAkB,CAAC,MAAM;iBAClC;aACF;YACD,YAAY,EAAE,kBAAkB,CAAC,YAAY;YAC7C,SAAS,EAAE,kBAAkB,CAAC,SAAS;YACvC,uBAAuB,EAAE,kBAAkB,CAAC,gBAAgB;YAC5D,0BAA0B,EAAE,kBAAkB,CAAC,mBAAmB;YAClE,4BAA4B,EAAE,kBAAkB,CAAC,eAAe;YAChE,yBAAyB,EAAE,kBAAkB,CAAC,YAAY;YAC1D,oBAAoB,EAAE,kBAAkB,CAAC,oBAAoB;YAC7D,4BAA4B,EAAE,kBAAkB,CAAC,cAAc;YAC/D,UAAU,EAAE,kBAAkB,CAAC,UAAU;YACzC,KAAK,EAAE,kBAAkB,CAAC,KAAK;YAC/B,MAAM,EAAE,kBAAkB,CAAC,MAAM;SAClC,CAAC;IACJ,CAAC,CACF,CAAC;IACF,MAAM,QAAQ,GAGV,EAAE,gBAAgB,EAAE,YAAY,CAAC,MAAM,EAAE,QAAQ,EAAE,mBAAmB,EAAE,CAAC;IAE7E,QAAQ,CAAC,QAAQ,CAAC,GAAG,CAAC,CAAC,IAAI,EAAE,EAAE,CAAC,wCAAuB,CAAC,IAAI,CAAC,CAAC,CAAC;IAC/D,GAAG,CAAC,MAAM,CAAC,GAAG,CAAC,CAAC,IAAI,CAAC,QAAQ,CAAC,CAAC;AACjC,CAAC,CAAA,CAAC,CAAC;AAEH,kBAAe,MAAM,CAAC","sourcesContent":["import debug from \"debug\";\nimport express from \"express\";\nimport {\n  getUserFromFirebaseId,\n  dismissAllNotifications,\n  updateUserData,\n  getInviteDetails,\n  markInviteUsed,\n  createNewUser,\n  getBobadexIdentities,\n  getUserActivity,\n} from \"./queries\";\nimport { isLoggedIn } from \"../auth-handler\";\nimport {\n  ensureNoIdentityLeakage,\n  mergeObjectIdentity,\n  transformImageUrls,\n} from \"../response-utils\";\nimport firebaseAuth from \"firebase-admin\";\nimport { ServerThreadType, DbActivityThreadType } from \"../../Types\";\nimport { cache, CacheKeys } from \"../cache\";\n\nconst info = debug(\"bobaserver:users:routes-info\");\nconst log = debug(\"bobaserver:users:routes-log\");\nconst error = debug(\"bobaserver:users:routes-error\");\n\nconst router = express.Router();\n\nrouter.get(\"/me\", isLoggedIn, async (req, res) => {\n  let currentUserId: string = req.currentUser?.uid;\n  if (!currentUserId) {\n    res.sendStatus(401);\n    return;\n  }\n\n  const cachedData = await cache().hget(CacheKeys.USER, currentUserId);\n  if (cachedData) {\n    log(`Returning cached data for user ${currentUserId}`);\n    return res.status(200).json(JSON.parse(cachedData));\n  }\n\n  log(`Fetching user data for firebase id: ${currentUserId}`);\n  const userData = transformImageUrls(\n    await getUserFromFirebaseId({\n      firebaseId: currentUserId,\n    })\n  );\n  info(`Found user data : `, userData);\n\n  const userDataResponse = {\n    username: userData.username,\n    avatarUrl: userData.avatarUrl,\n  };\n  res.status(200).json(userDataResponse);\n  cache().hset(CacheKeys.USER, currentUserId, JSON.stringify(userDataResponse));\n});\n\nrouter.post(\"/me/update\", isLoggedIn, async (req, res) => {\n  let currentUserId: string = req.currentUser?.uid;\n  if (!currentUserId) {\n    res.sendStatus(401);\n    return;\n  }\n  const { username, avatarUrl } = req.body;\n\n  if (!username || !avatarUrl) {\n    res.sendStatus(400);\n    return;\n  }\n  log(`Updating user data for firebase id: ${currentUserId}`);\n\n  const userData = await updateUserData({\n    firebaseId: currentUserId,\n    username,\n    avatarUrl,\n  });\n  info(`Updated user data : `, userData);\n\n  if (!userData) {\n    res.sendStatus(500);\n    return;\n  }\n\n  await cache().hdel(CacheKeys.USER, currentUserId);\n  res.status(200).json({\n    username: userData.username,\n    avatarUrl: userData.avatarUrl,\n  });\n});\n\nrouter.post(\"/invite/accept\", async (req, res) => {\n  const { email, password, nonce } = req.body;\n\n  const inviteDetails = await getInviteDetails({ nonce });\n\n  if (!inviteDetails) {\n    res.status(404).json({\n      errorCode: \"\",\n      message: \"Invite not found.\",\n    });\n    return;\n  }\n\n  if (inviteDetails.expired || inviteDetails.used) {\n    res.status(403).json({\n      errorCode: \"\",\n      message: \"Invite expired or already used.\",\n    });\n    return;\n  }\n\n  if (inviteDetails.email.toLowerCase() != (email as string).toLowerCase()) {\n    res.status(403).json({\n      errorCode: \"\",\n      message: \"Email doesn't match invite.\",\n    });\n    return;\n  }\n  firebaseAuth\n    .auth()\n    .createUser({\n      email,\n      password,\n    })\n    .then(async (user) => {\n      const uid = user.uid;\n      log(`Created new firebase user with uid ${uid}`);\n      // TODO: decide whether to put these together in a transaction.\n      const success = await markInviteUsed({ nonce });\n      if (!success) {\n        res.status(500).json({\n          errorCode: \"\",\n          message: \"Error marking invite as used. User not created.\",\n        });\n        return;\n      }\n      const created = await createNewUser({\n        firebaseId: uid,\n        invitedBy: inviteDetails.inviter,\n        createdOn: user.metadata.creationTime,\n      });\n      if (!created) {\n        res.status(500).json({\n          errorCode: \"\",\n          message: \"Error when adding a new user to the database.\",\n        });\n        return;\n      }\n      res.sendStatus(200);\n    })\n    .catch((error) => {\n      log(error);\n      res.status(400).json({\n        errorCode: error.code,\n        message: error.message,\n      });\n    });\n});\n\nrouter.get(\"/me/bobadex\", isLoggedIn, async (req, res) => {\n  let currentUserId: string = req.currentUser?.uid;\n  if (!currentUserId) {\n    res.sendStatus(401);\n    return;\n  }\n  const identities = await getBobadexIdentities({ firebaseId: currentUserId });\n  res.status(200).json(identities);\n});\n\nrouter.post(\"/notifications/dismiss\", isLoggedIn, async (req, res) => {\n  let currentUserId: string = req.currentUser?.uid;\n  if (!currentUserId) {\n    res.sendStatus(401);\n    return;\n  }\n  log(`Dismissing notifications for firebase id: ${currentUserId}`);\n  const dismissSuccessful = await dismissAllNotifications({\n    firebaseId: currentUserId,\n  });\n\n  if (!dismissSuccessful) {\n    error(`Dismiss failed`);\n    return res.sendStatus(500);\n    return;\n  }\n\n  info(`Dismiss successful`);\n\n  res.sendStatus(204);\n});\n\nrouter.get(\"/me/feed\", isLoggedIn, async (req, res) => {\n  const { cursor, updatedOnly, ownOnly } = req.query;\n  let currentUserId: string = req.currentUser?.uid;\n  if (!currentUserId) {\n    res.sendStatus(401);\n    return;\n  }\n  const userActivity = await getUserActivity({\n    firebaseId: currentUserId,\n    cursor: (cursor as string) || null,\n    updatedOnly: updatedOnly === \"true\",\n    ownOnly: ownOnly === \"true\",\n  });\n\n  if (!userActivity) {\n    res.sendStatus(404);\n    return;\n  }\n  if (!userActivity.activity.length) {\n    res.sendStatus(204);\n    return;\n  }\n\n  const threadsWithIdentity = userActivity.activity.map(\n    (thread): ServerThreadType => {\n      const threadWithIdentity = mergeObjectIdentity<DbActivityThreadType>(\n        thread\n      );\n      return {\n        posts: [\n          {\n            post_id: threadWithIdentity.post_id,\n            parent_thread_id: threadWithIdentity.thread_id,\n            parent_post_id: threadWithIdentity.parent_post_id,\n            secret_identity: threadWithIdentity.secret_identity,\n            user_identity: threadWithIdentity.user_identity,\n            accessory_avatar: threadWithIdentity.accessory_avatar,\n            self: threadWithIdentity.self,\n            friend: threadWithIdentity.friend,\n            created: threadWithIdentity.created,\n            content: threadWithIdentity.content,\n            options: threadWithIdentity.options,\n            tags: {\n              whisper_tags: threadWithIdentity.whisper_tags,\n              index_tags: threadWithIdentity.index_tags,\n              category_tags: threadWithIdentity.category_tags,\n              content_warnings: threadWithIdentity.content_warnings,\n            },\n            total_comments_amount: threadWithIdentity.comments_amount,\n            new_comments_amount: threadWithIdentity.new_comments_amount,\n            is_new: threadWithIdentity.is_new,\n          },\n        ],\n        default_view: threadWithIdentity.default_view,\n        thread_id: threadWithIdentity.thread_id,\n        thread_new_posts_amount: threadWithIdentity.new_posts_amount,\n        thread_new_comments_amount: threadWithIdentity.new_comments_amount,\n        thread_total_comments_amount: threadWithIdentity.comments_amount,\n        thread_total_posts_amount: threadWithIdentity.posts_amount,\n        thread_last_activity: threadWithIdentity.thread_last_activity,\n        thread_direct_threads_amount: threadWithIdentity.threads_amount,\n        board_slug: threadWithIdentity.board_slug,\n        muted: threadWithIdentity.muted,\n        hidden: threadWithIdentity.hidden,\n      };\n    }\n  );\n  const response: {\n    next_page_cursor: string;\n    activity: ServerThreadType[];\n  } = { next_page_cursor: userActivity.cursor, activity: threadsWithIdentity };\n\n  response.activity.map((post) => ensureNoIdentityLeakage(post));\n  res.status(200).json(response);\n});\n\nexport default router;\n"]},"_coverageSchema":"1a1c01bbd47fc00a2c39e90264f33305004495a9","hash":"aed650e6f001db962f27e8baf949f927c817a21f","contentHash":"1ffbe574bf1d7fbed0bb43da7bdcb9690c7205cfeb2b6e97c6a10888b10ef45a"}}